Assembler report for DE1_SoC_NiosVg_Computer
Sat Mar 21 03:33:24 2026
Quartus Prime Version 24.1std.0 Build 1077 03/04/2025 SC Lite Edition


---------------------
; Table of Contents ;
---------------------
  1. Legal Notice
  2. Assembler Summary
  3. Assembler Settings
  4. Assembler Encrypted IP Cores Summary
  5. Assembler Messages



----------------
; Legal Notice ;
----------------
Copyright (C) 2025  Altera Corporation. All rights reserved.
Your use of Altera Corporation's design tools, logic functions 
and other software and tools, and any partner logic 
functions, and any output files from any of the foregoing 
(including device programming or simulation files), and any 
associated documentation or information are expressly subject 
to the terms and conditions of the Altera Program License 
Subscription Agreement, the Altera Quartus Prime License Agreement,
the Altera IP License Agreement, or other applicable license
agreement, including, without limitation, that your use is for
the sole purpose of programming logic devices manufactured by
Altera and sold by Altera or its authorized distributors.  Please
refer to the Altera Software License Subscription Agreements 
on the Quartus Prime software download page.



+---------------------------------------------------------------+
; Assembler Summary                                             ;
+-----------------------+---------------------------------------+
; Assembler Status      ; Successful - Sat Mar 21 03:33:24 2026 ;
; Revision Name         ; DE1_SoC_NiosVg_Computer               ;
; Top-level Entity Name ; DE1_SoC_NiosVg_Computer               ;
; Family                ; Cyclone V                             ;
; Device                ; 5CSEMA5F31C6                          ;
+-----------------------+---------------------------------------+


+----------------------------------+
; Assembler Settings               ;
+--------+---------+---------------+
; Option ; Setting ; Default Value ;
+--------+---------+---------------+


+------------------------------------------------+
; Assembler Encrypted IP Cores Summary           ;
+--------+------------------------+--------------+
; Vendor ; IP Core Name           ; License Type ;
+--------+------------------------+--------------+
; Altera ; Unknown (6AF7 018C)    ; Unlicensed   ;
; Altera ; Signal Tap (6AF7 BCE1) ; Licensed     ;
; Altera ; Signal Tap (6AF7 BCEC) ; Licensed     ;
+--------+------------------------+--------------+


+--------------------+
; Assembler Messages ;
+--------------------+
Info: *******************************************************************
Info: Running Quartus Prime Assembler
    Info: Version 24.1std.0 Build 1077 03/04/2025 SC Lite Edition
    Info: Processing started: Sat Mar 21 03:33:04 2026
Info: Command: quartus_asm --read_settings_files=off --write_settings_files=off DE1_SoC_NiosVg_Computer -c DE1_SoC_NiosVg_Computer
Warning (18236): Number of processors has not been specified which may cause overloading on shared machines.  Set the global assignment NUM_PARALLEL_PROCESSORS in your QSF to an appropriate value for best performance.
Warning (115003): Can't generate programming files for your current project because you do not have a valid license for the following IP core or cores.
    Warning (115005): Unlicensed IP: "Unknown(6AF7 018C)"
    Warning (115004): Unlicensed encrypted design file: "D:/GitHub/Logic-Analyzer/Computer_Systems/DE1-SoC/src/DE1_SoC_NiosVg_Computer/Computer_System/synthesis/submodules/niosv_victim_buffer.sv"
    Warning (115004): Unlicensed encrypted design file: "D:/GitHub/Logic-Analyzer/Computer_Systems/DE1-SoC/src/DE1_SoC_NiosVg_Computer/Computer_System/synthesis/submodules/niosv_interrupt_handler.sv"
    Warning (115004): Unlicensed encrypted design file: "D:/GitHub/Logic-Analyzer/Computer_Systems/DE1-SoC/src/DE1_SoC_NiosVg_Computer/Computer_System/synthesis/submodules/niosv_dm_jtag2mm.sv"
    Warning (115004): Unlicensed encrypted design file: "D:/GitHub/Logic-Analyzer/Computer_Systems/DE1-SoC/src/DE1_SoC_NiosVg_Computer/Computer_System/synthesis/submodules/niosv_g_branch_predictor.sv"
    Warning (115004): Unlicensed encrypted design file: "D:/GitHub/Logic-Analyzer/Computer_Systems/DE1-SoC/src/DE1_SoC_NiosVg_Computer/Computer_System/synthesis/submodules/fp32_to_int32.sv"
    Warning (115004): Unlicensed encrypted design file: "D:/GitHub/Logic-Analyzer/Computer_Systems/DE1-SoC/src/DE1_SoC_NiosVg_Computer/Computer_System/synthesis/submodules/niosv_g_alu.sv"
    Warning (115004): Unlicensed encrypted design file: "D:/GitHub/Logic-Analyzer/Computer_Systems/DE1-SoC/src/DE1_SoC_NiosVg_Computer/Computer_System/synthesis/submodules/niosv_dm_def.sv"
    Warning (115004): Unlicensed encrypted design file: "D:/GitHub/Logic-Analyzer/Computer_Systems/DE1-SoC/src/DE1_SoC_NiosVg_Computer/Computer_System/synthesis/submodules/niosv_timer_msip.sv"
    Warning (115004): Unlicensed encrypted design file: "D:/GitHub/Logic-Analyzer/Computer_Systems/DE1-SoC/src/DE1_SoC_NiosVg_Computer/Computer_System/synthesis/submodules/niosv_opcode_def.sv"
    Warning (115004): Unlicensed encrypted design file: "D:/GitHub/Logic-Analyzer/Computer_Systems/DE1-SoC/src/DE1_SoC_NiosVg_Computer/Computer_System/synthesis/submodules/fp32_to_uint32.sv"
    Warning (115004): Unlicensed encrypted design file: "D:/GitHub/Logic-Analyzer/Computer_Systems/DE1-SoC/src/DE1_SoC_NiosVg_Computer/Computer_System/synthesis/submodules/niosv_csrind_if.sv"
    Warning (115004): Unlicensed encrypted design file: "D:/GitHub/Logic-Analyzer/Computer_Systems/DE1-SoC/src/DE1_SoC_NiosVg_Computer/Computer_System/synthesis/submodules/niosv_g_fp_def.sv"
    Warning (115004): Unlicensed encrypted design file: "D:/GitHub/Logic-Analyzer/Computer_Systems/DE1-SoC/src/DE1_SoC_NiosVg_Computer/Computer_System/synthesis/submodules/fp32_div.sv"
    Warning (115004): Unlicensed encrypted design file: "D:/GitHub/Logic-Analyzer/Computer_Systems/DE1-SoC/src/DE1_SoC_NiosVg_Computer/Computer_System/synthesis/submodules/niosv_dspba_library_ver.sv"
    Warning (115004): Unlicensed encrypted design file: "D:/GitHub/Logic-Analyzer/Computer_Systems/DE1-SoC/src/DE1_SoC_NiosVg_Computer/Computer_System/synthesis/submodules/fxp33_mult_cyclone10lp.sv"
    Warning (115004): Unlicensed encrypted design file: "D:/GitHub/Logic-Analyzer/Computer_Systems/DE1-SoC/src/DE1_SoC_NiosVg_Computer/Computer_System/synthesis/submodules/niosv_divider.sv"
    Warning (115004): Unlicensed encrypted design file: "D:/GitHub/Logic-Analyzer/Computer_Systems/DE1-SoC/src/DE1_SoC_NiosVg_Computer/Computer_System/synthesis/submodules/fp32_sqrt.sv"
    Warning (115004): Unlicensed encrypted design file: "D:/GitHub/Logic-Analyzer/Computer_Systems/DE1-SoC/src/DE1_SoC_NiosVg_Computer/Computer_System/synthesis/submodules/fp32_alu_cycloneivgx.sv"
    Warning (115004): Unlicensed encrypted design file: "D:/GitHub/Logic-Analyzer/Computer_Systems/DE1-SoC/src/DE1_SoC_NiosVg_Computer/Computer_System/synthesis/submodules/niosv_dm_top.sv"
    Warning (115004): Unlicensed encrypted design file: "D:/GitHub/Logic-Analyzer/Computer_Systems/DE1-SoC/src/DE1_SoC_NiosVg_Computer/Computer_System/synthesis/submodules/niosv_csr.sv"
    Warning (115004): Unlicensed encrypted design file: "D:/GitHub/Logic-Analyzer/Computer_Systems/DE1-SoC/src/DE1_SoC_NiosVg_Computer/Computer_System/synthesis/submodules/niosv_debug_module.sv"
    Warning (115004): Unlicensed encrypted design file: "D:/GitHub/Logic-Analyzer/Computer_Systems/DE1-SoC/src/DE1_SoC_NiosVg_Computer/Computer_System/synthesis/submodules/fp32_mult_cycloneivgx.sv"
    Warning (115004): Unlicensed encrypted design file: "D:/GitHub/Logic-Analyzer/Computer_Systems/DE1-SoC/src/DE1_SoC_NiosVg_Computer/Computer_System/synthesis/submodules/niosv_g_new_pc.sv"
    Warning (115004): Unlicensed encrypted design file: "D:/GitHub/Logic-Analyzer/Computer_Systems/DE1-SoC/src/DE1_SoC_NiosVg_Computer/Computer_System/synthesis/submodules/niosv_g_fpu.sv"
    Warning (115004): Unlicensed encrypted design file: "D:/GitHub/Logic-Analyzer/Computer_Systems/DE1-SoC/src/DE1_SoC_NiosVg_Computer/Computer_System/synthesis/submodules/niosv_multiplier.sv"
    Warning (115004): Unlicensed encrypted design file: "D:/GitHub/Logic-Analyzer/Computer_Systems/DE1-SoC/src/DE1_SoC_NiosVg_Computer/Computer_System/synthesis/submodules/int33_to_fp32.sv"
    Warning (115004): Unlicensed encrypted design file: "D:/GitHub/Logic-Analyzer/Computer_Systems/DE1-SoC/src/DE1_SoC_NiosVg_Computer/Computer_System/synthesis/submodules/niosv_g_instr_cache.sv"
    Warning (115004): Unlicensed encrypted design file: "D:/GitHub/Logic-Analyzer/Computer_Systems/DE1-SoC/src/DE1_SoC_NiosVg_Computer/Computer_System/synthesis/submodules/niosv_ram.sv"
    Warning (115004): Unlicensed encrypted design file: "D:/GitHub/Logic-Analyzer/Computer_Systems/DE1-SoC/src/DE1_SoC_NiosVg_Computer/Computer_System/synthesis/submodules/niosv_reg_file.sv"
    Warning (115004): Unlicensed encrypted design file: "D:/GitHub/Logic-Analyzer/Computer_Systems/DE1-SoC/src/DE1_SoC_NiosVg_Computer/Computer_System/synthesis/submodules/niosv_g_dcache.sv"
Info: Quartus Prime Assembler was successful. 0 errors, 33 warnings
    Info: Peak virtual memory: 5554 megabytes
    Info: Processing ended: Sat Mar 21 03:33:25 2026
    Info: Elapsed time: 00:00:21
    Info: Total CPU time (on all processors): 00:00:19


