Info: Starting: Create HDL design files for synthesis
Info: qsys-generate /home/wavius/Downloads/Design_Examples-main/Computer_Systems/DE1-SoC/out/DE1_SoC_NiosVg_Computer/Computer_System.qsys --synthesis=VERILOG --output-directory=/home/wavius/Downloads/Design_Examples-main/Computer_Systems/DE1-SoC/out/DE1_SoC_NiosVg_Computer/Computer_System/synthesis --family="Cyclone V" --part=5CSEMA5F31C6
Progress: Loading DE1_SoC_NiosVg_Computer/Computer_System.qsys
Progress: Reading input file
Progress: Adding ADC [altera_up_avalon_adc 18.0]
Progress: Parameterizing module ADC
Progress: Adding AV_Config [altera_up_avalon_audio_and_video_config 18.0]
Progress: Parameterizing module AV_Config
Progress: Adding Audio_Subsystem [Audio_Subsystem 1.0]
Progress: Parameterizing module Audio_Subsystem
Progress: Adding Expansion_JP1 [altera_avalon_pio 25.1]
Progress: Parameterizing module Expansion_JP1
Progress: Adding Expansion_JP2 [altera_avalon_pio 25.1]
Progress: Parameterizing module Expansion_JP2
Progress: Adding HEX3_HEX0 [altera_avalon_pio 25.1]
Progress: Parameterizing module HEX3_HEX0
Progress: Adding HEX5_HEX4 [altera_avalon_pio 25.1]
Progress: Parameterizing module HEX5_HEX4
Progress: Adding Interval_Timer_NiosV [altera_avalon_timer 25.1]
Progress: Parameterizing module Interval_Timer_NiosV
Progress: Adding Interval_Timer_NiosV_2 [altera_avalon_timer 25.1]
Progress: Parameterizing module Interval_Timer_NiosV_2
Progress: Adding IrDA [altera_up_avalon_irda 18.0]
Progress: Parameterizing module IrDA
Progress: Adding JTAG_UART_NiosV [altera_avalon_jtag_uart 25.1]
Progress: Parameterizing module JTAG_UART_NiosV
Progress: Adding JTAG_to_FPGA_Bridge [altera_jtag_avalon_master 25.1]
Progress: Parameterizing module JTAG_to_FPGA_Bridge
Progress: Adding LEDs [altera_avalon_pio 25.1]
Progress: Parameterizing module LEDs
Progress: Adding Logic_Analyzer [logic_analyzer 1.0]
Warning: Logic_Analyzer: Component type logic_analyzer is not in the library
Progress: Parameterizing module Logic_Analyzer
Progress: Adding NiosVg [intel_niosv_g 4.0.0]
Progress: Parameterizing module NiosVg
Progress: Adding Onchip_SRAM [altera_avalon_onchip_memory2 25.1]
Progress: Parameterizing module Onchip_SRAM
Progress: Adding PS2_Port [altera_up_avalon_ps2 18.0]
Progress: Parameterizing module PS2_Port
Progress: Adding PS2_Port_Dual [altera_up_avalon_ps2 18.0]
Progress: Parameterizing module PS2_Port_Dual
Progress: Adding Pushbuttons [altera_avalon_pio 25.1]
Progress: Parameterizing module Pushbuttons
Progress: Adding SDRAM [sdram_64mb 1.0]
Progress: Parameterizing module SDRAM
Progress: Adding Slider_Switches [altera_avalon_pio 25.1]
Progress: Parameterizing module Slider_Switches
Progress: Adding SysID [altera_avalon_sysid_qsys 25.1]
Progress: Parameterizing module SysID
Progress: Adding System_CLK [clock_source 25.1]
Progress: Parameterizing module System_CLK
Progress: Adding VGA_CLK [clock_source 25.1]
Progress: Parameterizing module VGA_CLK
Progress: Adding VGA_Subsystem [VGA_Subsystem 1.0]
Progress: Parameterizing module VGA_Subsystem
Progress: Adding Video_In_Subsystem [Video_In_Subsystem 1.0]
Progress: Parameterizing module Video_In_Subsystem
Progress: Building connections
Progress: Parameterizing connections
Progress: Validating
Progress: Done reading input file
Info: Computer_System.JTAG_UART_NiosV: JTAG UART IP input clock need to be at least double (2x) the operating frequency of JTAG TCK on board
Error: Computer_System.Logic_Analyzer: Component logic_analyzer 1.0 not found or could not be instantiated
Warning: Computer_System.NiosVg: Properties (associatedClock) have been set on interface reset - in composed mode these are ignored
Warning: Computer_System.NiosVg: Properties (associatedClock) have been set on interface ndm_reset_in - in composed mode these are ignored
Info: Computer_System.SysID: System ID is not assigned automatically. Edit the System ID parameter to provide a unique ID
Info: Computer_System.SysID: Time stamp will be automatically updated when this component is generated.
Info: Computer_System.VGA_Subsystem.Char_Buf_Subsystem.Char_Buf_RGB_Resampler: RGB Resampling: 1 (bits) x 1 (planes) -> 10 (bits) x 4 (planes)
Info: Computer_System.VGA_Subsystem.Char_Buf_Subsystem.Char_Buf_Scaler: Change in Resolution: 80 x 60 -> 640 x 480
Warning: Computer_System.VGA_Subsystem.Char_Buf_Subsystem.Char_Buf_RGB_Resampler: Char_Buf_RGB_Resampler.avalon_rgb_slave must be connected to an Avalon-MM master
Info: Computer_System.VGA_Subsystem.VGA_Controller: Video Output Stream: Format: 640 x 480 with Color: 10 (bits) x 3 (planes) converted to 8 (bits) per color plane
Info: Computer_System.VGA_Subsystem.VGA_Pixel_RGB_Resampler: RGB Resampling: 16 (bits) x 1 (planes) -> 10 (bits) x 3 (planes)
Info: Computer_System.VGA_Subsystem.VGA_Pixel_Scaler: Change in Resolution: 320 x 240 -> 640 x 480
Info: Computer_System.VGA_Subsystem.VGA_Pixel_Scaler.avalon_scaler_source/VGA_Alpha_Blender.avalon_background_sink: The source has a channel signal of 2 bits, but the sink does not. Avalon-ST Adapter will be inserted.
Info: Computer_System.Video_In_Subsystem.Video_In: Video In Stream: Format: 720 x 244 (Odd Frames) or 720 x 243 (Even Frames) with Colour: 8 (bits) x 2 (planes) (YCrCb 4:2:2)
Info: Computer_System.Video_In_Subsystem.Video_In_CSC: Colour Space Conversion: 8 (bits) x 3 (planes) (444 YCrCb) -> 8 (bits) x 3 (planes) (24-bit RGB)
Info: Computer_System.Video_In_Subsystem.Video_In_Chroma_Resampler: Chroma Resampling: 8 (bits) x 2 (planes) -> 8 (bits) x 3 (planes)
Info: Computer_System.Video_In_Subsystem.Video_In_Clipper: Change in Resolution: 720 x 244 -> 640 x 240
Info: Computer_System.Video_In_Subsystem.Video_In_Edge_Detection_Subsystem.Chroma_Filter: Chroma Resampling: 8 (bits) x 3 (planes) -> 8 (bits) x 1 (planes)
Info: Computer_System.Video_In_Subsystem.Video_In_Edge_Detection_Subsystem.Chroma_Upsampler: Chroma Resampling: 8 (bits) x 1 (planes) -> 8 (bits) x 3 (planes)
Info: Computer_System.Video_In_Subsystem.Video_In_RGB_Resampler: RGB Resampling: 8 (bits) x 3 (planes) -> 16 (bits) x 1 (planes)
Info: Computer_System.Video_In_Subsystem.Video_In_Scaler: Change in Resolution: 640 x 240 -> 320 x 240
Warning: Computer_System.Video_In_Subsystem.Video_In_RGB_Resampler: Video_In_RGB_Resampler.avalon_rgb_slave must be connected to an Avalon-MM master
Error: Computer_System.Logic_Analyzer.avalon_la_slave: Data width must be of power of two and between 8 and 4096  
Info: Computer_System: Generating "Computer_System" for QUARTUS_SYNTH
Error: null
