Info: Starting: Create block symbol file (.bsf)
Info: qsys-generate D:\GitHub\Logic-Analyzer\Computer_Systems\DE1-SoC\out\DE1_SoC_NiosVg_Computer\Computer_System.qsys --block-symbol-file --output-directory=D:\GitHub\Logic-Analyzer\Computer_Systems\DE1-SoC\out\DE1_SoC_NiosVg_Computer\Computer_System --family="Cyclone V" --part=5CSEMA5F31C6
Progress: Loading DE1_SoC_NiosVg_Computer/Computer_System.qsys
Progress: Reading input file
Progress: Adding AV_Config [altera_up_avalon_audio_and_video_config 18.0]
Progress: Parameterizing module AV_Config
Progress: Adding Expansion_JP1 [altera_avalon_pio 24.1]
Progress: Parameterizing module Expansion_JP1
Progress: Adding Expansion_JP2 [altera_avalon_pio 24.1]
Progress: Parameterizing module Expansion_JP2
Progress: Adding Interval_Timer_NiosV [altera_avalon_timer 24.1]
Progress: Parameterizing module Interval_Timer_NiosV
Progress: Adding Interval_Timer_NiosV_2 [altera_avalon_timer 24.1]
Progress: Parameterizing module Interval_Timer_NiosV_2
Progress: Adding IrDA [altera_up_avalon_irda 18.0]
Progress: Parameterizing module IrDA
Progress: Adding JTAG_UART_NiosV [altera_avalon_jtag_uart 24.1]
Progress: Parameterizing module JTAG_UART_NiosV
Progress: Adding JTAG_to_FPGA_Bridge [altera_jtag_avalon_master 24.1]
Progress: Parameterizing module JTAG_to_FPGA_Bridge
Progress: Adding Logic_Analyzer_0 [Logic_Analyzer 1.0]
Progress: Parameterizing module Logic_Analyzer_0
Progress: Adding NiosVg [intel_niosv_g 4.0.0]
Progress: Parameterizing module NiosVg
Progress: Adding Onchip_SRAM [altera_avalon_onchip_memory2 24.1]
Progress: Parameterizing module Onchip_SRAM
Progress: Adding PS2_Port [altera_up_avalon_ps2 18.0]
Progress: Parameterizing module PS2_Port
Progress: Adding PS2_Port_Dual [altera_up_avalon_ps2 18.0]
Progress: Parameterizing module PS2_Port_Dual
Progress: Adding SDRAM [sdram_64mb 1.0]
Warning: sdram_64mb: Catalog mismatch; expected v23.1 but found v1.0
Progress: Parameterizing module SDRAM
Progress: Adding SysID [altera_avalon_sysid_qsys 24.1]
Progress: Parameterizing module SysID
Progress: Adding System_CLK [clock_source 24.1]
Progress: Parameterizing module System_CLK
Progress: Adding VGA_CLK [clock_source 24.1]
Progress: Parameterizing module VGA_CLK
Progress: Adding VGA_Subsystem [VGA_Subsystem 1.0]
Progress: Reading input file
Progress: Adding Char_Buf_Subsystem [Char_Buf_Subsystem 1.0]
Progress: Reading input file
Progress: Adding ASCII_to_Image [altera_up_avalon_video_ascii_to_image 18.0]
Progress: Parameterizing module ASCII_to_Image
Progress: Adding Char_Buf_DMA [altera_up_avalon_video_dma_controller 18.0]
Progress: Parameterizing module Char_Buf_DMA
Progress: Adding Char_Buf_RGB_Resampler [altera_up_avalon_video_rgb_resampler 18.0]
Progress: Parameterizing module Char_Buf_RGB_Resampler
Progress: Adding Char_Buf_Scaler [altera_up_avalon_video_scaler 18.0]
Progress: Parameterizing module Char_Buf_Scaler
Progress: Adding Onchip_SRAM [altera_avalon_onchip_memory2 24.1]
Progress: Parameterizing module Onchip_SRAM
Progress: Adding Set_Black_Transparent [altera_up_avalon_video_change_alpha 18.0]
Progress: Parameterizing module Set_Black_Transparent
Progress: Adding Sys_Clk [clock_source 24.1]
Progress: Parameterizing module Sys_Clk
Progress: Building connections
Progress: Parameterizing connections
Progress: Validating
Progress: Done reading input file
Progress: Parameterizing module Char_Buf_Subsystem
Progress: Adding Sys_Clk [clock_source 24.1]
Progress: Parameterizing module Sys_Clk
Progress: Adding VGA_Alpha_Blender [altera_up_avalon_video_alpha_blender 18.0]
Progress: Parameterizing module VGA_Alpha_Blender
Progress: Adding VGA_Clk [clock_source 24.1]
Progress: Parameterizing module VGA_Clk
Progress: Adding VGA_Controller [altera_up_avalon_video_vga_controller 21.1]
Warning: altera_up_avalon_video_vga_controller: Catalog mismatch; expected v18.0 but found v21.1
Progress: Parameterizing module VGA_Controller
Progress: Adding VGA_Dual_Clock_FIFO [altera_up_avalon_video_dual_clock_buffer 18.0]
Progress: Parameterizing module VGA_Dual_Clock_FIFO
Progress: Adding VGA_Pixel_DMA [altera_up_avalon_video_dma_controller 18.0]
Progress: Parameterizing module VGA_Pixel_DMA
Progress: Adding VGA_Pixel_FIFO [altera_up_avalon_video_dual_clock_buffer 18.0]
Progress: Parameterizing module VGA_Pixel_FIFO
Progress: Adding VGA_Pixel_RGB_Resampler [altera_up_avalon_video_rgb_resampler 18.0]
Progress: Parameterizing module VGA_Pixel_RGB_Resampler
Progress: Adding VGA_Pixel_Scaler [altera_up_avalon_video_scaler 18.0]
Progress: Parameterizing module VGA_Pixel_Scaler
Progress: Building connections
Progress: Parameterizing connections
Progress: Validating
Progress: Done reading input file
Progress: Parameterizing module VGA_Subsystem
Progress: Building connections
Progress: Parameterizing connections
Progress: Validating
Progress: Done reading input file
Info: Computer_System.JTAG_UART_NiosV: JTAG UART IP input clock need to be at least double (2x) the operating frequency of JTAG TCK on board
Warning: Computer_System.NiosVg: Properties (associatedClock) have been set on interface reset - in composed mode these are ignored
Warning: Computer_System.NiosVg: Properties (associatedClock) have been set on interface ndm_reset_in - in composed mode these are ignored
Info: Computer_System.SysID: System ID is not assigned automatically. Edit the System ID parameter to provide a unique ID
Info: Computer_System.SysID: Time stamp will be automatically updated when this component is generated.
Info: Computer_System.VGA_Subsystem.Char_Buf_Subsystem.Char_Buf_RGB_Resampler: RGB Resampling: 1 (bits) x 1 (planes) -> 10 (bits) x 4 (planes)
Info: Computer_System.VGA_Subsystem.Char_Buf_Subsystem.Char_Buf_Scaler: Change in Resolution: 80 x 60 -> 640 x 480
Warning: Computer_System.VGA_Subsystem.Char_Buf_Subsystem.Char_Buf_RGB_Resampler: Char_Buf_RGB_Resampler.avalon_rgb_slave must be connected to an Avalon-MM master
Info: Computer_System.VGA_Subsystem.VGA_Controller: Video Output Stream: Format: 640 x 480 with Color: 10 (bits) x 3 (planes) converted to 8 (bits) per color plane
Info: Computer_System.VGA_Subsystem.VGA_Pixel_RGB_Resampler: RGB Resampling: 16 (bits) x 1 (planes) -> 10 (bits) x 3 (planes)
Info: Computer_System.VGA_Subsystem.VGA_Pixel_Scaler: Change in Resolution: 320 x 240 -> 640 x 480
Info: Computer_System.VGA_Subsystem.VGA_Pixel_Scaler.avalon_scaler_source/VGA_Alpha_Blender.avalon_background_sink: The source has a channel signal of 2 bits, but the sink does not. Avalon-ST Adapter will be inserted.
Info: qsys-generate succeeded.
Info: Finished: Create block symbol file (.bsf)
Info: 
Info: Starting: Create HDL design files for synthesis
Info: qsys-generate D:\GitHub\Logic-Analyzer\Computer_Systems\DE1-SoC\out\DE1_SoC_NiosVg_Computer\Computer_System.qsys --synthesis=VERILOG --output-directory=D:\GitHub\Logic-Analyzer\Computer_Systems\DE1-SoC\out\DE1_SoC_NiosVg_Computer\Computer_System\synthesis --family="Cyclone V" --part=5CSEMA5F31C6
Progress: Loading DE1_SoC_NiosVg_Computer/Computer_System.qsys
Progress: Reading input file
Progress: Adding AV_Config [altera_up_avalon_audio_and_video_config 18.0]
Progress: Parameterizing module AV_Config
Progress: Adding Expansion_JP1 [altera_avalon_pio 24.1]
Progress: Parameterizing module Expansion_JP1
Progress: Adding Expansion_JP2 [altera_avalon_pio 24.1]
Progress: Parameterizing module Expansion_JP2
Progress: Adding Interval_Timer_NiosV [altera_avalon_timer 24.1]
Progress: Parameterizing module Interval_Timer_NiosV
Progress: Adding Interval_Timer_NiosV_2 [altera_avalon_timer 24.1]
Progress: Parameterizing module Interval_Timer_NiosV_2
Progress: Adding IrDA [altera_up_avalon_irda 18.0]
Progress: Parameterizing module IrDA
Progress: Adding JTAG_UART_NiosV [altera_avalon_jtag_uart 24.1]
Progress: Parameterizing module JTAG_UART_NiosV
Progress: Adding JTAG_to_FPGA_Bridge [altera_jtag_avalon_master 24.1]
Progress: Parameterizing module JTAG_to_FPGA_Bridge
Progress: Adding Logic_Analyzer_0 [Logic_Analyzer 1.0]
Progress: Parameterizing module Logic_Analyzer_0
Progress: Adding NiosVg [intel_niosv_g 4.0.0]
Progress: Parameterizing module NiosVg
Progress: Adding Onchip_SRAM [altera_avalon_onchip_memory2 24.1]
Progress: Parameterizing module Onchip_SRAM
Progress: Adding PS2_Port [altera_up_avalon_ps2 18.0]
Progress: Parameterizing module PS2_Port
Progress: Adding PS2_Port_Dual [altera_up_avalon_ps2 18.0]
Progress: Parameterizing module PS2_Port_Dual
Progress: Adding SDRAM [sdram_64mb 1.0]
Progress: Parameterizing module SDRAM
Progress: Adding SysID [altera_avalon_sysid_qsys 24.1]
Progress: Parameterizing module SysID
Progress: Adding System_CLK [clock_source 24.1]
Progress: Parameterizing module System_CLK
Progress: Adding VGA_CLK [clock_source 24.1]
Progress: Parameterizing module VGA_CLK
Progress: Adding VGA_Subsystem [VGA_Subsystem 1.0]
Progress: Parameterizing module VGA_Subsystem
Progress: Building connections
Progress: Parameterizing connections
Progress: Validating
Progress: Done reading input file
Info: Computer_System.JTAG_UART_NiosV: JTAG UART IP input clock need to be at least double (2x) the operating frequency of JTAG TCK on board
Warning: Computer_System.NiosVg: Properties (associatedClock) have been set on interface reset - in composed mode these are ignored
Warning: Computer_System.NiosVg: Properties (associatedClock) have been set on interface ndm_reset_in - in composed mode these are ignored
Info: Computer_System.SysID: System ID is not assigned automatically. Edit the System ID parameter to provide a unique ID
Info: Computer_System.SysID: Time stamp will be automatically updated when this component is generated.
Info: Computer_System.VGA_Subsystem.Char_Buf_Subsystem.Char_Buf_RGB_Resampler: RGB Resampling: 1 (bits) x 1 (planes) -> 10 (bits) x 4 (planes)
Info: Computer_System.VGA_Subsystem.Char_Buf_Subsystem.Char_Buf_Scaler: Change in Resolution: 80 x 60 -> 640 x 480
Warning: Computer_System.VGA_Subsystem.Char_Buf_Subsystem.Char_Buf_RGB_Resampler: Char_Buf_RGB_Resampler.avalon_rgb_slave must be connected to an Avalon-MM master
Info: Computer_System.VGA_Subsystem.VGA_Controller: Video Output Stream: Format: 640 x 480 with Color: 10 (bits) x 3 (planes) converted to 8 (bits) per color plane
Info: Computer_System.VGA_Subsystem.VGA_Pixel_RGB_Resampler: RGB Resampling: 16 (bits) x 1 (planes) -> 10 (bits) x 3 (planes)
Info: Computer_System.VGA_Subsystem.VGA_Pixel_Scaler: Change in Resolution: 320 x 240 -> 640 x 480
Info: Computer_System.VGA_Subsystem.VGA_Pixel_Scaler.avalon_scaler_source/VGA_Alpha_Blender.avalon_background_sink: The source has a channel signal of 2 bits, but the sink does not. Avalon-ST Adapter will be inserted.
Info: Computer_System: Generating "Computer_System" for QUARTUS_SYNTH
Info: AV_Config: Starting Generation of Audio and Video Config
Info: AV_Config: "Computer_System" instantiated altera_up_avalon_audio_and_video_config "AV_Config"
Info: Expansion_JP1: Starting RTL generation for module 'Computer_System_Expansion_JP1'
Info: Expansion_JP1:   Generation command is [exec cmd /c {set LC_ALL=C&& C:/intelfpga_lite/24.1std/quartus/bin64/perl/bin/perl.exe -I C:/intelfpga_lite/24.1std/quartus/bin64/perl/lib -I C:/intelfpga_lite/24.1std/quartus/sopc_builder/bin/europa -I C:/intelfpga_lite/24.1std/quartus/sopc_builder/bin -I C:/intelfpga_lite/24.1std/quartus/../ip/altera/sopc_builder_ip/common -I C:/intelfpga_lite/24.1std/quartus/../ip/altera/sopc_builder_ip/altera_avalon_pio -- C:/intelfpga_lite/24.1std/quartus/../ip/altera/sopc_builder_ip/altera_avalon_pio/generate_rtl.pl --name=Computer_System_Expansion_JP1 --dir=C:/Users/david/AppData/Local/Temp/alt0537_6864244739415726589.dir/0003_Expansion_JP1_gen/ --quartus_dir=C:/intelfpga_lite/24.1std/quartus --verilog --config=C:/Users/david/AppData/Local/Temp/alt0537_6864244739415726589.dir/0003_Expansion_JP1_gen//Computer_System_Expansion_JP1_component_configuration.pl --do_build_sim=0}]
Info: Expansion_JP1: Done RTL generation for module 'Computer_System_Expansion_JP1'
Info: Expansion_JP1: "Computer_System" instantiated altera_avalon_pio "Expansion_JP1"
Info: Interval_Timer_NiosV: Starting RTL generation for module 'Computer_System_Interval_Timer_NiosV'
Info: Interval_Timer_NiosV:   Generation command is [exec cmd /c {set LC_ALL=C&& C:/intelFPGA_lite/24.1std/quartus/bin64//perl/bin/perl.exe -I C:/intelFPGA_lite/24.1std/quartus/bin64//perl/lib -I C:/intelfpga_lite/24.1std/quartus/sopc_builder/bin/europa -I C:/intelfpga_lite/24.1std/quartus/sopc_builder/bin -I C:/intelfpga_lite/24.1std/quartus/../ip/altera/sopc_builder_ip/common -I C:/intelfpga_lite/24.1std/quartus/../ip/altera/sopc_builder_ip/altera_avalon_timer -- C:/intelfpga_lite/24.1std/quartus/../ip/altera/sopc_builder_ip/altera_avalon_timer/generate_rtl.pl --name=Computer_System_Interval_Timer_NiosV --dir=C:/Users/david/AppData/Local/Temp/alt0537_6864244739415726589.dir/0004_Interval_Timer_NiosV_gen/ --quartus_dir=C:/intelfpga_lite/24.1std/quartus --verilog --config=C:/Users/david/AppData/Local/Temp/alt0537_6864244739415726589.dir/0004_Interval_Timer_NiosV_gen//Computer_System_Interval_Timer_NiosV_component_configuration.pl --do_build_sim=0}]
Info: Interval_Timer_NiosV: Done RTL generation for module 'Computer_System_Interval_Timer_NiosV'
Info: Interval_Timer_NiosV: "Computer_System" instantiated altera_avalon_timer "Interval_Timer_NiosV"
Info: IrDA: Starting Generation of RS232 UART
Info: IrDA: "Computer_System" instantiated altera_up_avalon_irda "IrDA"
Info: JTAG_UART_NiosV: "Computer_System" instantiated altera_avalon_jtag_uart "JTAG_UART_NiosV"
Info: JTAG_to_FPGA_Bridge: "Computer_System" instantiated altera_jtag_avalon_master "JTAG_to_FPGA_Bridge"
Info: Logic_Analyzer_0: "Computer_System" instantiated Logic_Analyzer "Logic_Analyzer_0"
Info: NiosVg: "Computer_System" instantiated intel_niosv_g "NiosVg"
Info: Onchip_SRAM: Starting RTL generation for module 'Computer_System_Onchip_SRAM'
Info: Onchip_SRAM:   Generation command is [exec cmd /c {set LC_ALL=C&& C:/intelfpga_lite/24.1std/quartus/bin64/perl/bin/perl.exe -I C:/intelfpga_lite/24.1std/quartus/bin64/perl/lib -I C:/intelfpga_lite/24.1std/quartus/sopc_builder/bin/europa -I C:/intelfpga_lite/24.1std/quartus/sopc_builder/bin -I C:/intelfpga_lite/24.1std/quartus/../ip/altera/sopc_builder_ip/common -I C:/intelfpga_lite/24.1std/quartus/../ip/altera/sopc_builder_ip/altera_avalon_onchip_memory2 -- C:/intelfpga_lite/24.1std/quartus/../ip/altera/sopc_builder_ip/altera_avalon_onchip_memory2/generate_rtl.pl --name=Computer_System_Onchip_SRAM --dir=C:/Users/david/AppData/Local/Temp/alt0537_6864244739415726589.dir/0008_Onchip_SRAM_gen/ --quartus_dir=C:/intelfpga_lite/24.1std/quartus --verilog --config=C:/Users/david/AppData/Local/Temp/alt0537_6864244739415726589.dir/0008_Onchip_SRAM_gen//Computer_System_Onchip_SRAM_component_configuration.pl --do_build_sim=0}]
Info: Onchip_SRAM: Done RTL generation for module 'Computer_System_Onchip_SRAM'
Info: Onchip_SRAM: "Computer_System" instantiated altera_avalon_onchip_memory2 "Onchip_SRAM"
Info: PS2_Port: Starting Generation of PS2 Controller
Info: PS2_Port: "Computer_System" instantiated altera_up_avalon_ps2 "PS2_Port"
Info: SDRAM: "Computer_System" instantiated sdram_64mb "SDRAM"
Info: SysID: "Computer_System" instantiated altera_avalon_sysid_qsys "SysID"
Info: avalon_st_adapter: Inserting channel_adapter: channel_adapter_0
Info: VGA_Subsystem: "Computer_System" instantiated VGA_Subsystem "VGA_Subsystem"
Info: avalon_st_adapter: Inserting error_adapter: error_adapter_0
Info: avalon_st_adapter_001: Inserting error_adapter: error_adapter_0
Info: avalon_st_adapter_002: Inserting error_adapter: error_adapter_0
Info: avalon_st_adapter_003: Inserting error_adapter: error_adapter_0
Info: avalon_st_adapter_004: Inserting error_adapter: error_adapter_0
Info: avalon_st_adapter_005: Inserting error_adapter: error_adapter_0
Info: avalon_st_adapter_006: Inserting error_adapter: error_adapter_0
Info: avalon_st_adapter_007: Inserting error_adapter: error_adapter_0
Info: avalon_st_adapter_008: Inserting error_adapter: error_adapter_0
Info: avalon_st_adapter_009: Inserting error_adapter: error_adapter_0
Info: avalon_st_adapter_010: Inserting error_adapter: error_adapter_0
Info: avalon_st_adapter_011: Inserting error_adapter: error_adapter_0
Info: avalon_st_adapter_012: Inserting error_adapter: error_adapter_0
Info: avalon_st_adapter_013: Inserting error_adapter: error_adapter_0
Info: avalon_st_adapter_014: Inserting error_adapter: error_adapter_0
Info: avalon_st_adapter_015: Inserting error_adapter: error_adapter_0
Info: avalon_st_adapter_016: Inserting error_adapter: error_adapter_0
Info: avalon_st_adapter_017: Inserting error_adapter: error_adapter_0
Info: avalon_st_adapter_018: Inserting error_adapter: error_adapter_0
Info: avalon_st_adapter_019: Inserting error_adapter: error_adapter_0
Info: mm_interconnect_0: "Computer_System" instantiated altera_mm_interconnect "mm_interconnect_0"
Info: irq_mapper: "Computer_System" instantiated altera_irq_mapper "irq_mapper"
Info: rst_controller: "Computer_System" instantiated altera_reset_controller "rst_controller"
Info: jtag_phy_embedded_in_jtag_master: "JTAG_to_FPGA_Bridge" instantiated altera_jtag_dc_streaming "jtag_phy_embedded_in_jtag_master"
Info: timing_adt: "JTAG_to_FPGA_Bridge" instantiated timing_adapter "timing_adt"
Info: fifo: "JTAG_to_FPGA_Bridge" instantiated altera_avalon_sc_fifo "fifo"
Info: b2p: "JTAG_to_FPGA_Bridge" instantiated altera_avalon_st_bytes_to_packets "b2p"
Info: p2b: "JTAG_to_FPGA_Bridge" instantiated altera_avalon_st_packets_to_bytes "p2b"
Info: transacto: "JTAG_to_FPGA_Bridge" instantiated altera_avalon_packets_to_master "transacto"
Info: b2p_adapter: "JTAG_to_FPGA_Bridge" instantiated channel_adapter "b2p_adapter"
Info: p2b_adapter: "JTAG_to_FPGA_Bridge" instantiated channel_adapter "p2b_adapter"
Info: niosv_reset_controller: "Generating: niosv_reset_controller"
Info: hart: "NiosVg" instantiated intel_niosv_g_unit "hart"
Info: Reusing file D:/GitHub/Logic-Analyzer/Computer_Systems/DE1-SoC/out/DE1_SoC_NiosVg_Computer/Computer_System/synthesis/submodules/altera_avalon_sc_fifo.v
Info: timer_module: "NiosVg" instantiated intel_niosv_timer_msip "timer_module"
Info: dbg_mod: "NiosVg" instantiated intel_niosv_dbg_mod "dbg_mod"
Info: Reusing file D:/GitHub/Logic-Analyzer/Computer_Systems/DE1-SoC/out/DE1_SoC_NiosVg_Computer/Computer_System/synthesis/submodules/niosv_ram.sv
Info: Reusing file D:/GitHub/Logic-Analyzer/Computer_Systems/DE1-SoC/out/DE1_SoC_NiosVg_Computer/Computer_System/synthesis/submodules/altera_std_synchronizer_nocut.v
Info: Reusing file D:/GitHub/Logic-Analyzer/Computer_Systems/DE1-SoC/out/DE1_SoC_NiosVg_Computer/Computer_System/synthesis/submodules/altera_avalon_st_clock_crosser.v
Info: Reusing file D:/GitHub/Logic-Analyzer/Computer_Systems/DE1-SoC/out/DE1_SoC_NiosVg_Computer/Computer_System/synthesis/submodules/altera_avalon_st_pipeline_base.v
Info: Reusing file D:/GitHub/Logic-Analyzer/Computer_Systems/DE1-SoC/out/DE1_SoC_NiosVg_Computer/Computer_System/synthesis/submodules/altera_avalon_st_pipeline_stage.sv
Info: Reusing file D:/GitHub/Logic-Analyzer/Computer_Systems/DE1-SoC/out/DE1_SoC_NiosVg_Computer/Computer_System/synthesis/submodules/altera_reset_synchronizer.v
Info: Reusing file D:/GitHub/Logic-Analyzer/Computer_Systems/DE1-SoC/out/DE1_SoC_NiosVg_Computer/Computer_System/synthesis/submodules/altera_reset_controller.v
Info: Reusing file D:/GitHub/Logic-Analyzer/Computer_Systems/DE1-SoC/out/DE1_SoC_NiosVg_Computer/Computer_System/synthesis/submodules/altera_reset_controller.sdc
Info: irq_mapper: "NiosVg" instantiated altera_irq_mapper "irq_mapper"
Info: Interconnect is inserted between master Char_Buf_DMA.avalon_dma_master and slave Onchip_SRAM.s2 because the master has address signal 32 bit wide, but the slave is 11 bit wide.
Info: Interconnect is inserted between master Char_Buf_DMA.avalon_dma_master and slave Onchip_SRAM.s2 because the master has waitrequest signal 1 bit wide, but the slave is 0 bit wide.
Info: Interconnect is inserted between master Char_Buf_DMA.avalon_dma_master and slave Onchip_SRAM.s2 because the master has lock signal 1 bit wide, but the slave is 0 bit wide.
Info: Interconnect is inserted between master Char_Buf_DMA.avalon_dma_master and slave Onchip_SRAM.s2 because the master has read signal 1 bit wide, but the slave is 0 bit wide.
Info: Interconnect is inserted between master Char_Buf_DMA.avalon_dma_master and slave Onchip_SRAM.s2 because the master has readdata signal 8 bit wide, but the slave is 32 bit wide.
Info: Interconnect is inserted between master Char_Buf_DMA.avalon_dma_master and slave Onchip_SRAM.s2 because the master has readdatavalid signal 1 bit wide, but the slave is 0 bit wide.
Info: Char_Buf_Subsystem: "VGA_Subsystem" instantiated Char_Buf_Subsystem "Char_Buf_Subsystem"
Info: VGA_Alpha_Blender: Starting Generation of the Alpha Blender
Info: VGA_Alpha_Blender: "VGA_Subsystem" instantiated altera_up_avalon_video_alpha_blender "VGA_Alpha_Blender"
Info: VGA_Controller: Starting Generation of VGA Controller
Info: VGA_Controller: "VGA_Subsystem" instantiated altera_up_avalon_video_vga_controller "VGA_Controller"
Info: VGA_Dual_Clock_FIFO: Starting Generation of the Dual Clock Buffer
Info: VGA_Dual_Clock_FIFO: "VGA_Subsystem" instantiated altera_up_avalon_video_dual_clock_buffer "VGA_Dual_Clock_FIFO"
Info: VGA_Pixel_DMA: Starting Generation of Video DMA Controller
Info: VGA_Pixel_DMA: "VGA_Subsystem" instantiated altera_up_avalon_video_dma_controller "VGA_Pixel_DMA"
Info: VGA_Pixel_FIFO: Starting Generation of the Dual Clock Buffer
Info: VGA_Pixel_FIFO: "VGA_Subsystem" instantiated altera_up_avalon_video_dual_clock_buffer "VGA_Pixel_FIFO"
Info: VGA_Pixel_RGB_Resampler: Starting Generation of Video RGB Resampler
Info: VGA_Pixel_RGB_Resampler: "VGA_Subsystem" instantiated altera_up_avalon_video_rgb_resampler "VGA_Pixel_RGB_Resampler"
Info: VGA_Pixel_Scaler: Starting Generation of Video Scaler
Info: VGA_Pixel_Scaler: "VGA_Subsystem" instantiated altera_up_avalon_video_scaler "VGA_Pixel_Scaler"
Info: avalon_st_adapter: "VGA_Subsystem" instantiated altera_avalon_st_adapter "avalon_st_adapter"
Info: NiosVg_data_manager_translator: "mm_interconnect_0" instantiated altera_merlin_axi_translator "NiosVg_data_manager_translator"
Info: JTAG_to_FPGA_Bridge_master_translator: "mm_interconnect_0" instantiated altera_merlin_master_translator "JTAG_to_FPGA_Bridge_master_translator"
Info: AV_Config_avalon_av_config_slave_translator: "mm_interconnect_0" instantiated altera_merlin_slave_translator "AV_Config_avalon_av_config_slave_translator"
Info: NiosVg_data_manager_agent: "mm_interconnect_0" instantiated altera_merlin_axi_master_ni "NiosVg_data_manager_agent"
Info: JTAG_to_FPGA_Bridge_master_agent: "mm_interconnect_0" instantiated altera_merlin_master_agent "JTAG_to_FPGA_Bridge_master_agent"
Info: AV_Config_avalon_av_config_slave_agent: "mm_interconnect_0" instantiated altera_merlin_slave_agent "AV_Config_avalon_av_config_slave_agent"
Info: router: "mm_interconnect_0" instantiated altera_merlin_router "router"
Info: router_002: "mm_interconnect_0" instantiated altera_merlin_router "router_002"
Info: router_003: "mm_interconnect_0" instantiated altera_merlin_router "router_003"
Info: router_005: "mm_interconnect_0" instantiated altera_merlin_router "router_005"
Info: router_006: "mm_interconnect_0" instantiated altera_merlin_router "router_006"
Info: router_015: "mm_interconnect_0" instantiated altera_merlin_router "router_015"
Info: router_018: "mm_interconnect_0" instantiated altera_merlin_router "router_018"
Info: router_024: "mm_interconnect_0" instantiated altera_merlin_router "router_024"
Info: router_025: "mm_interconnect_0" instantiated altera_merlin_router "router_025"
Info: JTAG_to_FPGA_Bridge_master_limiter: "mm_interconnect_0" instantiated altera_merlin_traffic_limiter "JTAG_to_FPGA_Bridge_master_limiter"
Info: Reusing file D:/GitHub/Logic-Analyzer/Computer_Systems/DE1-SoC/out/DE1_SoC_NiosVg_Computer/Computer_System/synthesis/submodules/altera_avalon_sc_fifo.v
Info: Reusing file D:/GitHub/Logic-Analyzer/Computer_Systems/DE1-SoC/out/DE1_SoC_NiosVg_Computer/Computer_System/synthesis/submodules/altera_avalon_st_pipeline_base.v
Info: AV_Config_avalon_av_config_slave_burst_adapter: "mm_interconnect_0" instantiated altera_merlin_burst_adapter "AV_Config_avalon_av_config_slave_burst_adapter"
Info: Reusing file D:/GitHub/Logic-Analyzer/Computer_Systems/DE1-SoC/out/DE1_SoC_NiosVg_Computer/Computer_System/synthesis/submodules/altera_merlin_address_alignment.sv
Info: Reusing file D:/GitHub/Logic-Analyzer/Computer_Systems/DE1-SoC/out/DE1_SoC_NiosVg_Computer/Computer_System/synthesis/submodules/altera_avalon_st_pipeline_stage.sv
Info: Reusing file D:/GitHub/Logic-Analyzer/Computer_Systems/DE1-SoC/out/DE1_SoC_NiosVg_Computer/Computer_System/synthesis/submodules/altera_avalon_st_pipeline_base.v
Info: cmd_demux: "mm_interconnect_0" instantiated altera_merlin_demultiplexer "cmd_demux"
Info: cmd_demux_002: "mm_interconnect_0" instantiated altera_merlin_demultiplexer "cmd_demux_002"
Info: cmd_demux_003: "mm_interconnect_0" instantiated altera_merlin_demultiplexer "cmd_demux_003"
Info: cmd_demux_005: "mm_interconnect_0" instantiated altera_merlin_demultiplexer "cmd_demux_005"
Info: cmd_mux: "mm_interconnect_0" instantiated altera_merlin_multiplexer "cmd_mux"
Info: cmd_mux_009: "mm_interconnect_0" instantiated altera_merlin_multiplexer "cmd_mux_009"
Info: Reusing file D:/GitHub/Logic-Analyzer/Computer_Systems/DE1-SoC/out/DE1_SoC_NiosVg_Computer/Computer_System/synthesis/submodules/altera_merlin_arbitrator.sv
Info: cmd_mux_012: "mm_interconnect_0" instantiated altera_merlin_multiplexer "cmd_mux_012"
Info: Reusing file D:/GitHub/Logic-Analyzer/Computer_Systems/DE1-SoC/out/DE1_SoC_NiosVg_Computer/Computer_System/synthesis/submodules/altera_merlin_arbitrator.sv
Info: cmd_mux_018: "mm_interconnect_0" instantiated altera_merlin_multiplexer "cmd_mux_018"
Info: Reusing file D:/GitHub/Logic-Analyzer/Computer_Systems/DE1-SoC/out/DE1_SoC_NiosVg_Computer/Computer_System/synthesis/submodules/altera_merlin_arbitrator.sv
Info: rsp_demux: "mm_interconnect_0" instantiated altera_merlin_demultiplexer "rsp_demux"
Info: rsp_demux_009: "mm_interconnect_0" instantiated altera_merlin_demultiplexer "rsp_demux_009"
Info: rsp_demux_012: "mm_interconnect_0" instantiated altera_merlin_demultiplexer "rsp_demux_012"
Info: rsp_demux_018: "mm_interconnect_0" instantiated altera_merlin_demultiplexer "rsp_demux_018"
Info: rsp_mux: "mm_interconnect_0" instantiated altera_merlin_multiplexer "rsp_mux"
Info: Reusing file D:/GitHub/Logic-Analyzer/Computer_Systems/DE1-SoC/out/DE1_SoC_NiosVg_Computer/Computer_System/synthesis/submodules/altera_merlin_arbitrator.sv
Info: rsp_mux_002: "mm_interconnect_0" instantiated altera_merlin_multiplexer "rsp_mux_002"
Info: Reusing file D:/GitHub/Logic-Analyzer/Computer_Systems/DE1-SoC/out/DE1_SoC_NiosVg_Computer/Computer_System/synthesis/submodules/altera_merlin_arbitrator.sv
Info: rsp_mux_003: "mm_interconnect_0" instantiated altera_merlin_multiplexer "rsp_mux_003"
Info: Reusing file D:/GitHub/Logic-Analyzer/Computer_Systems/DE1-SoC/out/DE1_SoC_NiosVg_Computer/Computer_System/synthesis/submodules/altera_merlin_arbitrator.sv
Info: rsp_mux_005: "mm_interconnect_0" instantiated altera_merlin_multiplexer "rsp_mux_005"
Info: Reusing file D:/GitHub/Logic-Analyzer/Computer_Systems/DE1-SoC/out/DE1_SoC_NiosVg_Computer/Computer_System/synthesis/submodules/altera_merlin_arbitrator.sv
Info: NiosVg_data_manager_wr_to_SDRAM_s1_cmd_width_adapter: "mm_interconnect_0" instantiated altera_merlin_width_adapter "NiosVg_data_manager_wr_to_SDRAM_s1_cmd_width_adapter"
Info: Reusing file D:/GitHub/Logic-Analyzer/Computer_Systems/DE1-SoC/out/DE1_SoC_NiosVg_Computer/Computer_System/synthesis/submodules/altera_merlin_address_alignment.sv
Info: Reusing file D:/GitHub/Logic-Analyzer/Computer_Systems/DE1-SoC/out/DE1_SoC_NiosVg_Computer/Computer_System/synthesis/submodules/altera_merlin_burst_uncompressor.sv
Info: avalon_st_adapter: "mm_interconnect_0" instantiated altera_avalon_st_adapter "avalon_st_adapter"
Info: avalon_st_adapter_012: "mm_interconnect_0" instantiated altera_avalon_st_adapter "avalon_st_adapter_012"
Info: niosv_reset_controller: "hart" instantiated intel_niosv_g_unit "niosv_reset_controller"
Info: ASCII_to_Image: Starting Generation of ASCII to Image Stream Converter
Info: ASCII_to_Image: "Char_Buf_Subsystem" instantiated altera_up_avalon_video_ascii_to_image "ASCII_to_Image"
Info: Char_Buf_DMA: Starting Generation of Video DMA Controller
Info: Char_Buf_DMA: "Char_Buf_Subsystem" instantiated altera_up_avalon_video_dma_controller "Char_Buf_DMA"
Info: Reusing file D:/GitHub/Logic-Analyzer/Computer_Systems/DE1-SoC/out/DE1_SoC_NiosVg_Computer/Computer_System/synthesis/submodules/altera_up_video_dma_control_slave.v
Info: Reusing file D:/GitHub/Logic-Analyzer/Computer_Systems/DE1-SoC/out/DE1_SoC_NiosVg_Computer/Computer_System/synthesis/submodules/altera_up_video_dma_to_memory.v
Info: Reusing file D:/GitHub/Logic-Analyzer/Computer_Systems/DE1-SoC/out/DE1_SoC_NiosVg_Computer/Computer_System/synthesis/submodules/altera_up_video_dma_to_stream.v
Info: Char_Buf_RGB_Resampler: Starting Generation of Video RGB Resampler
Info: Char_Buf_RGB_Resampler: "Char_Buf_Subsystem" instantiated altera_up_avalon_video_rgb_resampler "Char_Buf_RGB_Resampler"
Info: Char_Buf_Scaler: Starting Generation of Video Scaler
Info: Char_Buf_Scaler: "Char_Buf_Subsystem" instantiated altera_up_avalon_video_scaler "Char_Buf_Scaler"
Info: Reusing file D:/GitHub/Logic-Analyzer/Computer_Systems/DE1-SoC/out/DE1_SoC_NiosVg_Computer/Computer_System/synthesis/submodules/altera_up_video_scaler_shrink.v
Info: Reusing file D:/GitHub/Logic-Analyzer/Computer_Systems/DE1-SoC/out/DE1_SoC_NiosVg_Computer/Computer_System/synthesis/submodules/altera_up_video_scaler_multiply_width.v
Info: Reusing file D:/GitHub/Logic-Analyzer/Computer_Systems/DE1-SoC/out/DE1_SoC_NiosVg_Computer/Computer_System/synthesis/submodules/altera_up_video_scaler_multiply_height.v
Info: Onchip_SRAM: Starting RTL generation for module 'Computer_System_VGA_Subsystem_Char_Buf_Subsystem_Onchip_SRAM'
Info: Onchip_SRAM:   Generation command is [exec cmd /c {set LC_ALL=C&& C:/intelfpga_lite/24.1std/quartus/bin64/perl/bin/perl.exe -I C:/intelfpga_lite/24.1std/quartus/bin64/perl/lib -I C:/intelfpga_lite/24.1std/quartus/sopc_builder/bin/europa -I C:/intelfpga_lite/24.1std/quartus/sopc_builder/bin -I C:/intelfpga_lite/24.1std/quartus/../ip/altera/sopc_builder_ip/common -I C:/intelfpga_lite/24.1std/quartus/../ip/altera/sopc_builder_ip/altera_avalon_onchip_memory2 -- C:/intelfpga_lite/24.1std/quartus/../ip/altera/sopc_builder_ip/altera_avalon_onchip_memory2/generate_rtl.pl --name=Computer_System_VGA_Subsystem_Char_Buf_Subsystem_Onchip_SRAM --dir=C:/Users/david/AppData/Local/Temp/alt0537_6864244739415726589.dir/0071_Onchip_SRAM_gen/ --quartus_dir=C:/intelfpga_lite/24.1std/quartus --verilog --config=C:/Users/david/AppData/Local/Temp/alt0537_6864244739415726589.dir/0071_Onchip_SRAM_gen//Computer_System_VGA_Subsystem_Char_Buf_Subsystem_Onchip_SRAM_component_configuration.pl --do_build_sim=0}]
Info: Onchip_SRAM: Done RTL generation for module 'Computer_System_VGA_Subsystem_Char_Buf_Subsystem_Onchip_SRAM'
Info: Onchip_SRAM: "Char_Buf_Subsystem" instantiated altera_avalon_onchip_memory2 "Onchip_SRAM"
Info: Set_Black_Transparent: Starting Generation of Video Change Alpha Value IP Core
Info: Set_Black_Transparent: "Char_Buf_Subsystem" instantiated altera_up_avalon_video_change_alpha "Set_Black_Transparent"
Info: avalon_st_adapter: Inserting error_adapter: error_adapter_0
Info: mm_interconnect_0: "Char_Buf_Subsystem" instantiated altera_mm_interconnect "mm_interconnect_0"
Info: channel_adapter_0: "avalon_st_adapter" instantiated channel_adapter "channel_adapter_0"
Info: error_adapter_0: "avalon_st_adapter" instantiated error_adapter "error_adapter_0"
Info: error_adapter_0: "avalon_st_adapter_012" instantiated error_adapter "error_adapter_0"
Info: router: "mm_interconnect_0" instantiated altera_merlin_router "router"
Info: router_001: "mm_interconnect_0" instantiated altera_merlin_router "router_001"
Info: cmd_demux: "mm_interconnect_0" instantiated altera_merlin_demultiplexer "cmd_demux"
Info: cmd_mux: "mm_interconnect_0" instantiated altera_merlin_multiplexer "cmd_mux"
Info: Reusing file D:/GitHub/Logic-Analyzer/Computer_Systems/DE1-SoC/out/DE1_SoC_NiosVg_Computer/Computer_System/synthesis/submodules/altera_merlin_arbitrator.sv
Info: rsp_mux: "mm_interconnect_0" instantiated altera_merlin_multiplexer "rsp_mux"
Info: Reusing file D:/GitHub/Logic-Analyzer/Computer_Systems/DE1-SoC/out/DE1_SoC_NiosVg_Computer/Computer_System/synthesis/submodules/altera_merlin_arbitrator.sv
Info: Computer_System: Done "Computer_System" with 90 modules, 240 files
Info: qsys-generate succeeded.
Info: Finished: Create HDL design files for synthesis
