Flow report for DE1_SoC_NiosVg_Computer
Tue Mar 31 03:16:48 2026
Quartus Prime Version 25.1std.0 Build 1129 10/21/2025 SC Lite Edition


---------------------
; Table of Contents ;
---------------------
  1. Legal Notice
  2. Flow Summary
  3. Flow Settings
  4. Flow Non-Default Global Settings
  5. Flow Elapsed Time
  6. Flow OS Summary
  7. Flow Log
  8. Flow Messages
  9. Flow Suppressed Messages



----------------
; Legal Notice ;
----------------
Copyright (C) 2025  Altera Corporation. All rights reserved.
Your use of Altera Corporation's design tools, logic functions 
and other software and tools, and any partner logic 
functions, and any output files from any of the foregoing 
(including device programming or simulation files), and any 
associated documentation or information are expressly subject 
to the terms and conditions of the Altera Program License 
Subscription Agreement, the Altera Quartus Prime License Agreement,
the Altera IP License Agreement, or other applicable license
agreement, including, without limitation, that your use is for
the sole purpose of programming logic devices manufactured by
Altera and sold by Altera or its authorized distributors.  Please
refer to the Altera Software License Subscription Agreements 
on the Quartus Prime software download page.



+-----------------------------------------------------------------------------------+
; Flow Summary                                                                      ;
+---------------------------------+-------------------------------------------------+
; Flow Status                     ; Successful - Tue Mar 31 03:16:20 2026           ;
; Quartus Prime Version           ; 25.1std.0 Build 1129 10/21/2025 SC Lite Edition ;
; Revision Name                   ; DE1_SoC_NiosVg_Computer                         ;
; Top-level Entity Name           ; DE1_SoC_NiosVg_Computer                         ;
; Family                          ; Cyclone V                                       ;
; Device                          ; 5CSEMA5F31C6                                    ;
; Timing Models                   ; Final                                           ;
; Logic utilization (in ALMs)     ; 15,508 / 32,070 ( 48 % )                        ;
; Total registers                 ; 20352                                           ;
; Total pins                      ; 240 / 457 ( 53 % )                              ;
; Total virtual pins              ; 0                                               ;
; Total block memory bits         ; 2,388,056 / 4,065,280 ( 59 % )                  ;
; Total DSP Blocks                ; 16 / 87 ( 18 % )                                ;
; Total HSSI RX PCSs              ; 0                                               ;
; Total HSSI PMA RX Deserializers ; 0                                               ;
; Total HSSI TX PCSs              ; 0                                               ;
; Total HSSI PMA TX Serializers   ; 0                                               ;
; Total PLLs                      ; 3 / 6 ( 50 % )                                  ;
; Total DLLs                      ; 0 / 4 ( 0 % )                                   ;
+---------------------------------+-------------------------------------------------+


+---------------------------------------------+
; Flow Settings                               ;
+-------------------+-------------------------+
; Option            ; Setting                 ;
+-------------------+-------------------------+
; Start date & time ; 03/31/2026 03:08:56     ;
; Main task         ; Compilation             ;
; Revision Name     ; DE1_SoC_NiosVg_Computer ;
+-------------------+-------------------------+


+---------------------------------------------------------------------------------------------------------------------------------------------------------+
; Flow Non-Default Global Settings                                                                                                                        ;
+--------------------------------------+-------------------------------------------------------------------+---------------+-----------------+------------+
; Assignment Name                      ; Value                                                             ; Default Value ; Entity Name     ; Section Id ;
+--------------------------------------+-------------------------------------------------------------------+---------------+-----------------+------------+
; COMPILER_SIGNATURE_ID                ; 121268662014371.177494093624134                                   ; --            ; --              ; --         ;
; FITTER_EFFORT                        ; Standard Fit                                                      ; Auto Fit      ; --              ; --         ;
; HYBRID_FLOW_NEW_EXTRACTOR            ; On                                                                ; Off           ; --              ; --         ;
; MAX_CORE_JUNCTION_TEMP               ; 85                                                                ; --            ; --              ; --         ;
; MIN_CORE_JUNCTION_TEMP               ; 0                                                                 ; --            ; --              ; --         ;
; MISC_FILE                            ; Computer_System/synthesis/../Computer_System.cmp                  ; --            ; --              ; --         ;
; MISC_FILE                            ; Computer_System/synthesis/../../Computer_System.qsys              ; --            ; --              ; --         ;
; MUX_RESTRUCTURE                      ; Off                                                               ; Auto          ; --              ; --         ;
; OPTIMIZATION_MODE                    ; Aggressive Performance                                            ; Balanced      ; --              ; --         ;
; OPTIMIZATION_TECHNIQUE               ; Speed                                                             ; Balanced      ; --              ; --         ;
; PARTITION_COLOR                      ; -- (Not supported for targeted family)                            ; --            ; --              ; Top        ;
; PARTITION_FITTER_PRESERVATION_LEVEL  ; -- (Not supported for targeted family)                            ; --            ; --              ; Top        ;
; PARTITION_NETLIST_TYPE               ; -- (Not supported for targeted family)                            ; --            ; --              ; Top        ;
; PHYSICAL_SYNTHESIS_COMBO_LOGIC       ; On                                                                ; Off           ; --              ; --         ;
; PHYSICAL_SYNTHESIS_REGISTER_RETIMING ; On                                                                ; Off           ; --              ; --         ;
; PLACEMENT_EFFORT_MULTIPLIER          ; 4.0                                                               ; 1.0           ; --              ; --         ;
; POWER_BOARD_THERMAL_MODEL            ; None (CONSERVATIVE)                                               ; --            ; --              ; --         ;
; POWER_PRESET_COOLING_SOLUTION        ; 23 MM HEAT SINK WITH 200 LFPM AIRFLOW                             ; --            ; --              ; --         ;
; ROUTER_TIMING_OPTIMIZATION_LEVEL     ; MAXIMUM                                                           ; Normal        ; --              ; --         ;
; SLD_FILE                             ; Computer_System/synthesis/Computer_System.regmap                  ; --            ; --              ; --         ;
; SLD_FILE                             ; Computer_System/synthesis/Computer_System.debuginfo               ; --            ; --              ; --         ;
; SLD_INFO                             ; QSYS_NAME Computer_System HAS_SOPCINFO 1 GENERATION_ID 1774940923 ; --            ; Computer_System ; --         ;
; SOPCINFO_FILE                        ; Computer_System/synthesis/../../Computer_System.sopcinfo          ; --            ; --              ; --         ;
; SYNTHESIS_ONLY_QIP                   ; On                                                                ; --            ; --              ; --         ;
+--------------------------------------+-------------------------------------------------------------------+---------------+-----------------+------------+


+--------------------------------------------------------------------------------------------------------------------------+
; Flow Elapsed Time                                                                                                        ;
+----------------------+--------------+-------------------------+---------------------+------------------------------------+
; Module Name          ; Elapsed Time ; Average Processors Used ; Peak Virtual Memory ; Total CPU Time (on all processors) ;
+----------------------+--------------+-------------------------+---------------------+------------------------------------+
; Analysis & Synthesis ; 00:01:19     ; 2.6                     ; 1640 MB             ; 00:02:02                           ;
; Fitter               ; 00:05:42     ; 1.5                     ; 4317 MB             ; 00:18:43                           ;
; Assembler            ; 00:00:08     ; 1.0                     ; 1027 MB             ; 00:00:08                           ;
; Timing Analyzer      ; 00:00:27     ; 4.2                     ; 2151 MB             ; 00:01:42                           ;
; Total                ; 00:07:36     ; --                      ; --                  ; 00:22:35                           ;
+----------------------+--------------+-------------------------+---------------------+------------------------------------+


+-------------------------------------------------------------------------------------+
; Flow OS Summary                                                                     ;
+----------------------+------------------+-------------+------------+----------------+
; Module Name          ; Machine Hostname ; OS Name     ; OS Version ; Processor type ;
+----------------------+------------------+-------------+------------+----------------+
; Analysis & Synthesis ; fedora           ; Fedora Core ; 43         ; x86_64         ;
; Fitter               ; fedora           ; Fedora Core ; 43         ; x86_64         ;
; Assembler            ; fedora           ; Fedora Core ; 43         ; x86_64         ;
; Timing Analyzer      ; fedora           ; Fedora Core ; 43         ; x86_64         ;
+----------------------+------------------+-------------+------------+----------------+


------------
; Flow Log ;
------------
quartus_map --read_settings_files=on --write_settings_files=off DE1_SoC_NiosVg_Computer -c DE1_SoC_NiosVg_Computer
quartus_fit --read_settings_files=off --write_settings_files=off DE1_SoC_NiosVg_Computer -c DE1_SoC_NiosVg_Computer
quartus_asm --read_settings_files=off --write_settings_files=off DE1_SoC_NiosVg_Computer -c DE1_SoC_NiosVg_Computer
quartus_sta DE1_SoC_NiosVg_Computer -c DE1_SoC_NiosVg_Computer



