Info: Starting: Create block symbol file (.bsf)
Info: qsys-generate C:\Users\david\Downloads\Computer_Systems\DE1-SoC\scripts\Computer_System.qsys --block-symbol-file --output-directory=C:\Users\david\Downloads\Computer_Systems\DE1-SoC\scripts\Computer_System --family="Cyclone V" --part=5CSEMA5F31C6
Progress: Loading scripts/Computer_System.qsys
Progress: Reading input file
Progress: Adding ADC [altera_up_avalon_adc 18.0]
Progress: Parameterizing module ADC
Progress: Adding AV_Config [altera_up_avalon_audio_and_video_config 18.0]
Progress: Parameterizing module AV_Config
Progress: Adding Audio_Subsystem [Audio_Subsystem 1.0]
Progress: Reading input file
Progress: Adding Audio [altera_up_avalon_audio 18.0]
Progress: Parameterizing module Audio
Progress: Adding Audio_PLL [altera_up_avalon_audio_pll 18.0]
Progress: Parameterizing module Audio_PLL
Progress: Adding Sys_Clk [clock_source 24.1]
Progress: Parameterizing module Sys_Clk
Progress: Building connections
Progress: Parameterizing connections
Progress: Validating
Progress: Done reading input file
Progress: Parameterizing module Audio_Subsystem
Progress: Adding Expansion_JP1 [altera_avalon_pio 24.1]
Progress: Parameterizing module Expansion_JP1
Progress: Adding Expansion_JP2 [altera_avalon_pio 24.1]
Progress: Parameterizing module Expansion_JP2
Progress: Adding HEX3_HEX0 [altera_avalon_pio 24.1]
Progress: Parameterizing module HEX3_HEX0
Progress: Adding HEX5_HEX4 [altera_avalon_pio 24.1]
Progress: Parameterizing module HEX5_HEX4
Progress: Adding Interval_Timer_NiosV [altera_avalon_timer 24.1]
Progress: Parameterizing module Interval_Timer_NiosV
Progress: Adding Interval_Timer_NiosV_2 [altera_avalon_timer 24.1]
Progress: Parameterizing module Interval_Timer_NiosV_2
Progress: Adding IrDA [altera_up_avalon_irda 18.0]
Progress: Parameterizing module IrDA
Progress: Adding JTAG_UART_NiosV [altera_avalon_jtag_uart 24.1]
Progress: Parameterizing module JTAG_UART_NiosV
Progress: Adding JTAG_to_FPGA_Bridge [altera_jtag_avalon_master 24.1]
Progress: Parameterizing module JTAG_to_FPGA_Bridge
Progress: Adding LEDs [altera_avalon_pio 24.1]
Progress: Parameterizing module LEDs
Progress: Adding Logic_Analyzer_0 [Logic_Analyzer 1.0]
Error: There are multiple signals with role "export". Components using hw.tcl package 14.0 and greater must specify unique signal roles.     while executing "add_interface_port conduit_end OUT_CH export Output 16"
Progress: Parameterizing module Logic_Analyzer_0
Progress: Adding NiosVg [intel_niosv_g 4.0.0]
Progress: Parameterizing module NiosVg
Progress: Adding Onchip_SRAM [altera_avalon_onchip_memory2 24.1]
Progress: Parameterizing module Onchip_SRAM
Progress: Adding PS2_Port [altera_up_avalon_ps2 18.0]
Progress: Parameterizing module PS2_Port
Progress: Adding PS2_Port_Dual [altera_up_avalon_ps2 18.0]
Progress: Parameterizing module PS2_Port_Dual
Progress: Adding Pushbuttons [altera_avalon_pio 24.1]
Progress: Parameterizing module Pushbuttons
Progress: Adding SDRAM [sdram_64mb 1.0]
Warning: sdram_64mb: Catalog mismatch; expected v23.1 but found v1.0
Progress: Parameterizing module SDRAM
Progress: Adding Slider_Switches [altera_avalon_pio 24.1]
Progress: Parameterizing module Slider_Switches
Progress: Adding SysID [altera_avalon_sysid_qsys 24.1]
Progress: Parameterizing module SysID
Progress: Adding System_CLK [clock_source 24.1]
Progress: Parameterizing module System_CLK
Progress: Adding VGA_CLK [clock_source 24.1]
Progress: Parameterizing module VGA_CLK
Progress: Adding VGA_Subsystem [VGA_Subsystem 1.0]
Progress: Reading input file
Progress: Adding Char_Buf_Subsystem [Char_Buf_Subsystem 1.0]
Progress: Reading input file
Progress: Adding ASCII_to_Image [altera_up_avalon_video_ascii_to_image 18.0]
Progress: Parameterizing module ASCII_to_Image
Progress: Adding Char_Buf_DMA [altera_up_avalon_video_dma_controller 18.0]
Progress: Parameterizing module Char_Buf_DMA
Progress: Adding Char_Buf_RGB_Resampler [altera_up_avalon_video_rgb_resampler 18.0]
Progress: Parameterizing module Char_Buf_RGB_Resampler
Progress: Adding Char_Buf_Scaler [altera_up_avalon_video_scaler 18.0]
Progress: Parameterizing module Char_Buf_Scaler
Progress: Adding Onchip_SRAM [altera_avalon_onchip_memory2 24.1]
Progress: Parameterizing module Onchip_SRAM
Progress: Adding Set_Black_Transparent [altera_up_avalon_video_change_alpha 18.0]
Progress: Parameterizing module Set_Black_Transparent
Progress: Adding Sys_Clk [clock_source 24.1]
Progress: Parameterizing module Sys_Clk
Progress: Building connections
Progress: Parameterizing connections
Progress: Validating
Progress: Done reading input file
Progress: Parameterizing module Char_Buf_Subsystem
Progress: Adding Sys_Clk [clock_source 24.1]
Progress: Parameterizing module Sys_Clk
Progress: Adding VGA_Alpha_Blender [altera_up_avalon_video_alpha_blender 18.0]
Progress: Parameterizing module VGA_Alpha_Blender
Progress: Adding VGA_Clk [clock_source 24.1]
Progress: Parameterizing module VGA_Clk
Progress: Adding VGA_Controller [altera_up_avalon_video_vga_controller 21.1]
Warning: altera_up_avalon_video_vga_controller: Catalog mismatch; expected v18.0 but found v21.1
Progress: Parameterizing module VGA_Controller
Progress: Adding VGA_Dual_Clock_FIFO [altera_up_avalon_video_dual_clock_buffer 18.0]
Progress: Parameterizing module VGA_Dual_Clock_FIFO
Progress: Adding VGA_Pixel_DMA [altera_up_avalon_video_dma_controller 18.0]
Progress: Parameterizing module VGA_Pixel_DMA
Progress: Adding VGA_Pixel_FIFO [altera_up_avalon_video_dual_clock_buffer 18.0]
Progress: Parameterizing module VGA_Pixel_FIFO
Progress: Adding VGA_Pixel_RGB_Resampler [altera_up_avalon_video_rgb_resampler 18.0]
Progress: Parameterizing module VGA_Pixel_RGB_Resampler
Progress: Adding VGA_Pixel_Scaler [altera_up_avalon_video_scaler 18.0]
Progress: Parameterizing module VGA_Pixel_Scaler
Progress: Building connections
Progress: Parameterizing connections
Progress: Validating
Progress: Done reading input file
Progress: Parameterizing module VGA_Subsystem
Progress: Adding Video_In_Subsystem [Video_In_Subsystem 1.0]
Progress: Reading input file
Progress: Adding Sys_Clk [clock_source 24.1]
Progress: Parameterizing module Sys_Clk
Progress: Adding Video_In [altera_up_avalon_video_decoder 18.0]
Progress: Parameterizing module Video_In
Progress: Adding Video_In_CSC [altera_up_avalon_video_csc 18.0]
Progress: Parameterizing module Video_In_CSC
Progress: Adding Video_In_Chroma_Resampler [altera_up_avalon_video_chroma_resampler 18.0]
Progress: Parameterizing module Video_In_Chroma_Resampler
Progress: Adding Video_In_Clipper [altera_up_avalon_video_clipper 18.0]
Progress: Parameterizing module Video_In_Clipper
Progress: Adding Video_In_DMA [altera_up_avalon_video_dma_controller 18.0]
Progress: Parameterizing module Video_In_DMA
Progress: Adding Video_In_Edge_Detection_Subsystem [Video_In_Edge_Detection_Subsystem 1.0]
Progress: Reading input file
Progress: Adding Chroma_Filter [altera_up_avalon_video_chroma_resampler 18.0]
Progress: Parameterizing module Chroma_Filter
Progress: Adding Chroma_Upsampler [altera_up_avalon_video_chroma_resampler 18.0]
Progress: Parameterizing module Chroma_Upsampler
Progress: Adding Edge_Detection [altera_up_avalon_video_edge_detection 18.0]
Progress: Parameterizing module Edge_Detection
Progress: Adding Edge_Detection_Router_Controller [altera_avalon_pio 24.1]
Progress: Parameterizing module Edge_Detection_Router_Controller
Progress: Adding Sys_Clk [clock_source 24.1]
Progress: Parameterizing module Sys_Clk
Progress: Adding Video_Stream_Merger [altera_up_avalon_video_stream_router 18.0]
Progress: Parameterizing module Video_Stream_Merger
Progress: Adding Video_Stream_Splitter [altera_up_avalon_video_stream_router 18.0]
Progress: Parameterizing module Video_Stream_Splitter
Progress: Building connections
Progress: Parameterizing connections
Progress: Validating
Progress: Done reading input file
Progress: Parameterizing module Video_In_Edge_Detection_Subsystem
Progress: Adding Video_In_RGB_Resampler [altera_up_avalon_video_rgb_resampler 18.0]
Progress: Parameterizing module Video_In_RGB_Resampler
Progress: Adding Video_In_Scaler [altera_up_avalon_video_scaler 18.0]
Progress: Parameterizing module Video_In_Scaler
Progress: Building connections
Progress: Parameterizing connections
Progress: Validating
Progress: Done reading input file
Progress: Parameterizing module Video_In_Subsystem
Progress: Building connections
Progress: Parameterizing connections
Progress: Validating
Progress: Done reading input file
Info: Computer_System.JTAG_UART_NiosV: JTAG UART IP input clock need to be at least double (2x) the operating frequency of JTAG TCK on board
Error: Computer_System.: There are multiple signals with role "export". Components using hw.tcl package 14.0 and greater must specify unique signal roles.     while executing "add_interface_port conduit_end OUT_CH export Output 16"
Error: Computer_System.Logic_Analyzer_0.avalon_slave_0: Associated clock clock_sink must be a interface of Logic_Analyzer_0
Error: Computer_System.Logic_Analyzer_0.avalon_slave_0: Associated reset reset_sink must be an interface of Logic_Analyzer_0 
Error: Computer_System.Logic_Analyzer_0: Logic_Analyzer_0.avalon_slave_0 has an associatedReset of "reset_sink" which could not be found
Error: Computer_System.Logic_Analyzer_0: Logic_Analyzer_0.avalon_slave_0 has an associatedClock of "clock_sink" which could not be found
Warning: Computer_System.NiosVg: Properties (associatedClock) have been set on interface reset - in composed mode these are ignored
Warning: Computer_System.NiosVg: Properties (associatedClock) have been set on interface ndm_reset_in - in composed mode these are ignored
Info: Computer_System.SysID: System ID is not assigned automatically. Edit the System ID parameter to provide a unique ID
Info: Computer_System.SysID: Time stamp will be automatically updated when this component is generated.
Info: Computer_System.VGA_Subsystem.Char_Buf_Subsystem.Char_Buf_RGB_Resampler: RGB Resampling: 1 (bits) x 1 (planes) -> 10 (bits) x 4 (planes)
Info: Computer_System.VGA_Subsystem.Char_Buf_Subsystem.Char_Buf_Scaler: Change in Resolution: 80 x 60 -> 640 x 480
Warning: Computer_System.VGA_Subsystem.Char_Buf_Subsystem.Char_Buf_RGB_Resampler: Char_Buf_RGB_Resampler.avalon_rgb_slave must be connected to an Avalon-MM master
Info: Computer_System.VGA_Subsystem.VGA_Controller: Video Output Stream: Format: 640 x 480 with Color: 10 (bits) x 3 (planes) converted to 8 (bits) per color plane
Info: Computer_System.VGA_Subsystem.VGA_Pixel_RGB_Resampler: RGB Resampling: 16 (bits) x 1 (planes) -> 10 (bits) x 3 (planes)
Info: Computer_System.VGA_Subsystem.VGA_Pixel_Scaler: Change in Resolution: 320 x 240 -> 640 x 480
Info: Computer_System.VGA_Subsystem.VGA_Pixel_Scaler.avalon_scaler_source/VGA_Alpha_Blender.avalon_background_sink: The source has a channel signal of 2 bits, but the sink does not. Avalon-ST Adapter will be inserted.
Info: Computer_System.Video_In_Subsystem.Video_In: Video In Stream: Format: 720 x 244 (Odd Frames) or 720 x 243 (Even Frames) with Colour: 8 (bits) x 2 (planes) (YCrCb 4:2:2)
Info: Computer_System.Video_In_Subsystem.Video_In_CSC: Colour Space Conversion: 8 (bits) x 3 (planes) (444 YCrCb) -> 8 (bits) x 3 (planes) (24-bit RGB)
Info: Computer_System.Video_In_Subsystem.Video_In_Chroma_Resampler: Chroma Resampling: 8 (bits) x 2 (planes) -> 8 (bits) x 3 (planes)
Info: Computer_System.Video_In_Subsystem.Video_In_Clipper: Change in Resolution: 720 x 244 -> 640 x 240
Info: Computer_System.Video_In_Subsystem.Video_In_Edge_Detection_Subsystem.Chroma_Filter: Chroma Resampling: 8 (bits) x 3 (planes) -> 8 (bits) x 1 (planes)
Info: Computer_System.Video_In_Subsystem.Video_In_Edge_Detection_Subsystem.Chroma_Upsampler: Chroma Resampling: 8 (bits) x 1 (planes) -> 8 (bits) x 3 (planes)
Info: Computer_System.Video_In_Subsystem.Video_In_RGB_Resampler: RGB Resampling: 8 (bits) x 3 (planes) -> 16 (bits) x 1 (planes)
Info: Computer_System.Video_In_Subsystem.Video_In_Scaler: Change in Resolution: 640 x 240 -> 320 x 240
Warning: Computer_System.Video_In_Subsystem.Video_In_RGB_Resampler: Video_In_RGB_Resampler.avalon_rgb_slave must be connected to an Avalon-MM master
Error: Computer_System.System_CLK.clk/Logic_Analyzer_0.clock_sink: Missing connection end (try "Remove Dangling Connections")
Error: Computer_System.System_CLK.clk_reset/Logic_Analyzer_0.reset_sink: Missing connection end (try "Remove Dangling Connections")
Warning: Computer_System.Expansion_JP1: Expansion_JP1.external_connection must be exported, or connected to a matching conduit.
Info: qsys-generate succeeded.
Info: Finished: Create block symbol file (.bsf)
Info: 
Info: Starting: Create HDL design files for synthesis
Info: qsys-generate C:\Users\david\Downloads\Computer_Systems\DE1-SoC\scripts\Computer_System.qsys --synthesis=VERILOG --output-directory=C:\Users\david\Downloads\Computer_Systems\DE1-SoC\scripts\Computer_System\synthesis --family="Cyclone V" --part=5CSEMA5F31C6
Progress: Loading scripts/Computer_System.qsys
Progress: Reading input file
Progress: Adding ADC [altera_up_avalon_adc 18.0]
Progress: Parameterizing module ADC
Progress: Adding AV_Config [altera_up_avalon_audio_and_video_config 18.0]
Progress: Parameterizing module AV_Config
Progress: Adding Audio_Subsystem [Audio_Subsystem 1.0]
Progress: Parameterizing module Audio_Subsystem
Progress: Adding Expansion_JP1 [altera_avalon_pio 24.1]
Progress: Parameterizing module Expansion_JP1
Progress: Adding Expansion_JP2 [altera_avalon_pio 24.1]
Progress: Parameterizing module Expansion_JP2
Progress: Adding HEX3_HEX0 [altera_avalon_pio 24.1]
Progress: Parameterizing module HEX3_HEX0
Progress: Adding HEX5_HEX4 [altera_avalon_pio 24.1]
Progress: Parameterizing module HEX5_HEX4
Progress: Adding Interval_Timer_NiosV [altera_avalon_timer 24.1]
Progress: Parameterizing module Interval_Timer_NiosV
Progress: Adding Interval_Timer_NiosV_2 [altera_avalon_timer 24.1]
Progress: Parameterizing module Interval_Timer_NiosV_2
Progress: Adding IrDA [altera_up_avalon_irda 18.0]
Progress: Parameterizing module IrDA
Progress: Adding JTAG_UART_NiosV [altera_avalon_jtag_uart 24.1]
Progress: Parameterizing module JTAG_UART_NiosV
Progress: Adding JTAG_to_FPGA_Bridge [altera_jtag_avalon_master 24.1]
Progress: Parameterizing module JTAG_to_FPGA_Bridge
Progress: Adding LEDs [altera_avalon_pio 24.1]
Progress: Parameterizing module LEDs
Progress: Adding Logic_Analyzer_0 [Logic_Analyzer 1.0]
Progress: Parameterizing module Logic_Analyzer_0
Progress: Adding NiosVg [intel_niosv_g 4.0.0]
Progress: Parameterizing module NiosVg
Progress: Adding Onchip_SRAM [altera_avalon_onchip_memory2 24.1]
Progress: Parameterizing module Onchip_SRAM
Progress: Adding PS2_Port [altera_up_avalon_ps2 18.0]
Progress: Parameterizing module PS2_Port
Progress: Adding PS2_Port_Dual [altera_up_avalon_ps2 18.0]
Progress: Parameterizing module PS2_Port_Dual
Progress: Adding Pushbuttons [altera_avalon_pio 24.1]
Progress: Parameterizing module Pushbuttons
Progress: Adding SDRAM [sdram_64mb 1.0]
Progress: Parameterizing module SDRAM
Progress: Adding Slider_Switches [altera_avalon_pio 24.1]
Progress: Parameterizing module Slider_Switches
Progress: Adding SysID [altera_avalon_sysid_qsys 24.1]
Progress: Parameterizing module SysID
Progress: Adding System_CLK [clock_source 24.1]
Progress: Parameterizing module System_CLK
Progress: Adding VGA_CLK [clock_source 24.1]
Progress: Parameterizing module VGA_CLK
Progress: Adding VGA_Subsystem [VGA_Subsystem 1.0]
Progress: Parameterizing module VGA_Subsystem
Progress: Adding Video_In_Subsystem [Video_In_Subsystem 1.0]
Progress: Parameterizing module Video_In_Subsystem
Progress: Building connections
Progress: Parameterizing connections
Progress: Validating
Progress: Done reading input file
Info: Computer_System.JTAG_UART_NiosV: JTAG UART IP input clock need to be at least double (2x) the operating frequency of JTAG TCK on board
Error: Computer_System.: There are multiple signals with role "export". Components using hw.tcl package 14.0 and greater must specify unique signal roles.     while executing "add_interface_port conduit_end OUT_CH export Output 16"
Error: Computer_System.Logic_Analyzer_0.avalon_slave_0: Associated clock clock_sink must be a interface of Logic_Analyzer_0
Error: Computer_System.Logic_Analyzer_0.avalon_slave_0: Associated reset reset_sink must be an interface of Logic_Analyzer_0 
Error: Computer_System.Logic_Analyzer_0: Logic_Analyzer_0.avalon_slave_0 has an associatedReset of "reset_sink" which could not be found
Error: Computer_System.Logic_Analyzer_0: Logic_Analyzer_0.avalon_slave_0 has an associatedClock of "clock_sink" which could not be found
Warning: Computer_System.NiosVg: Properties (associatedClock) have been set on interface reset - in composed mode these are ignored
Warning: Computer_System.NiosVg: Properties (associatedClock) have been set on interface ndm_reset_in - in composed mode these are ignored
Info: Computer_System.SysID: System ID is not assigned automatically. Edit the System ID parameter to provide a unique ID
Info: Computer_System.SysID: Time stamp will be automatically updated when this component is generated.
Info: Computer_System.VGA_Subsystem.Char_Buf_Subsystem.Char_Buf_RGB_Resampler: RGB Resampling: 1 (bits) x 1 (planes) -> 10 (bits) x 4 (planes)
Info: Computer_System.VGA_Subsystem.Char_Buf_Subsystem.Char_Buf_Scaler: Change in Resolution: 80 x 60 -> 640 x 480
Warning: Computer_System.VGA_Subsystem.Char_Buf_Subsystem.Char_Buf_RGB_Resampler: Char_Buf_RGB_Resampler.avalon_rgb_slave must be connected to an Avalon-MM master
Info: Computer_System.VGA_Subsystem.VGA_Controller: Video Output Stream: Format: 640 x 480 with Color: 10 (bits) x 3 (planes) converted to 8 (bits) per color plane
Info: Computer_System.VGA_Subsystem.VGA_Pixel_RGB_Resampler: RGB Resampling: 16 (bits) x 1 (planes) -> 10 (bits) x 3 (planes)
Info: Computer_System.VGA_Subsystem.VGA_Pixel_Scaler: Change in Resolution: 320 x 240 -> 640 x 480
Info: Computer_System.VGA_Subsystem.VGA_Pixel_Scaler.avalon_scaler_source/VGA_Alpha_Blender.avalon_background_sink: The source has a channel signal of 2 bits, but the sink does not. Avalon-ST Adapter will be inserted.
Info: Computer_System.Video_In_Subsystem.Video_In: Video In Stream: Format: 720 x 244 (Odd Frames) or 720 x 243 (Even Frames) with Colour: 8 (bits) x 2 (planes) (YCrCb 4:2:2)
Info: Computer_System.Video_In_Subsystem.Video_In_CSC: Colour Space Conversion: 8 (bits) x 3 (planes) (444 YCrCb) -> 8 (bits) x 3 (planes) (24-bit RGB)
Info: Computer_System.Video_In_Subsystem.Video_In_Chroma_Resampler: Chroma Resampling: 8 (bits) x 2 (planes) -> 8 (bits) x 3 (planes)
Info: Computer_System.Video_In_Subsystem.Video_In_Clipper: Change in Resolution: 720 x 244 -> 640 x 240
Info: Computer_System.Video_In_Subsystem.Video_In_Edge_Detection_Subsystem.Chroma_Filter: Chroma Resampling: 8 (bits) x 3 (planes) -> 8 (bits) x 1 (planes)
Info: Computer_System.Video_In_Subsystem.Video_In_Edge_Detection_Subsystem.Chroma_Upsampler: Chroma Resampling: 8 (bits) x 1 (planes) -> 8 (bits) x 3 (planes)
Info: Computer_System.Video_In_Subsystem.Video_In_RGB_Resampler: RGB Resampling: 8 (bits) x 3 (planes) -> 16 (bits) x 1 (planes)
Info: Computer_System.Video_In_Subsystem.Video_In_Scaler: Change in Resolution: 640 x 240 -> 320 x 240
Warning: Computer_System.Video_In_Subsystem.Video_In_RGB_Resampler: Video_In_RGB_Resampler.avalon_rgb_slave must be connected to an Avalon-MM master
Error: Computer_System.System_CLK.clk/Logic_Analyzer_0.clock_sink: Missing connection end (try "Remove Dangling Connections")
Error: Computer_System.System_CLK.clk_reset/Logic_Analyzer_0.reset_sink: Missing connection end (try "Remove Dangling Connections")
Warning: Computer_System.Expansion_JP1: Expansion_JP1.external_connection must be exported, or connected to a matching conduit.
Info: Computer_System: Generating "Computer_System" for QUARTUS_SYNTH
Error: Logic_Analyzer_0.avalon_slave_0: Cannot connect clock because Logic_Analyzer_0.avalon_slave_0 has no associated clock 
Error: Logic_Analyzer_0_avalon_slave_0_translator.avalon_anti_slave_0: Cannot connect reset for Logic_Analyzer_0_avalon_slave_0_translator.avalon_anti_slave_0 because Logic_Analyzer_0.avalon_slave_0 has no associated reset
Info: Inserting clock-crossing logic between cmd_demux.src7 and cmd_mux_007.sink0
Info: Inserting clock-crossing logic between cmd_demux_001.src7 and cmd_mux_007.sink1
Info: Inserting clock-crossing logic between rsp_demux_007.src0 and rsp_mux.sink7
Info: Inserting clock-crossing logic between rsp_demux_007.src1 and rsp_mux_001.sink7
Warning: Computer_System: "No matching role found for System_CLK:clk:clk_out (clk)"
Warning: Computer_System: "No matching role found for System_CLK:clk_reset:reset_n_out (reset)"
Info: Computer_System: Done "Computer_System" with 1 modules, 0 files
Error: qsys-generate failed with exit code 1: 9 Errors, 7 Warnings
Info: Stopping: Create HDL design files for synthesis
