Info: Starting: Create block symbol file (.bsf)
Info: qsys-generate D:\GitHub\Logic-Analyzer\Computer_Systems\DE1-SoC\src\DE1_SoC_NiosVg_Computer\Computer_System.qsys --block-symbol-file --output-directory=D:\GitHub\Logic-Analyzer\Computer_Systems\DE1-SoC\src\DE1_SoC_NiosVg_Computer\Computer_System --family="Cyclone V" --part=5CSEMA5F31C6
Progress: Loading DE1_SoC_NiosVg_Computer/Computer_System.qsys
Progress: Reading input file
Progress: Adding ADC [altera_up_avalon_adc 18.0]
Progress: Parameterizing module ADC
Progress: Adding AV_Config [altera_up_avalon_audio_and_video_config 18.0]
Progress: Parameterizing module AV_Config
Progress: Adding Audio_Subsystem [Audio_Subsystem 1.0]
Progress: Parameterizing module Audio_Subsystem
Progress: Adding Expansion_JP1 [altera_avalon_pio 24.1]
Progress: Parameterizing module Expansion_JP1
Progress: Adding Expansion_JP2 [altera_avalon_pio 24.1]
Progress: Parameterizing module Expansion_JP2
Progress: Adding HEX3_HEX0 [altera_avalon_pio 24.1]
Progress: Parameterizing module HEX3_HEX0
Progress: Adding HEX5_HEX4 [altera_avalon_pio 24.1]
Progress: Parameterizing module HEX5_HEX4
Progress: Adding Interval_Timer_NiosV [altera_avalon_timer 24.1]
Progress: Parameterizing module Interval_Timer_NiosV
Progress: Adding Interval_Timer_NiosV_2 [altera_avalon_timer 24.1]
Progress: Parameterizing module Interval_Timer_NiosV_2
Progress: Adding IrDA [altera_up_avalon_irda 18.0]
Progress: Parameterizing module IrDA
Progress: Adding JTAG_UART_NiosV [altera_avalon_jtag_uart 24.1]
Progress: Parameterizing module JTAG_UART_NiosV
Progress: Adding JTAG_to_FPGA_Bridge [altera_jtag_avalon_master 24.1]
Progress: Parameterizing module JTAG_to_FPGA_Bridge
Progress: Adding LEDs [altera_avalon_pio 24.1]
Progress: Parameterizing module LEDs
Progress: Adding Logic_Analyzer_0 [Logic_Analyzer 1.0]
Progress: Parameterizing module Logic_Analyzer_0
Progress: Adding NiosVg [intel_niosv_g 4.0.0]
Progress: Parameterizing module NiosVg
Progress: Adding Onchip_SRAM [altera_avalon_onchip_memory2 24.1]
Progress: Parameterizing module Onchip_SRAM
Progress: Adding PS2_Port [altera_up_avalon_ps2 18.0]
Progress: Parameterizing module PS2_Port
Progress: Adding PS2_Port_Dual [altera_up_avalon_ps2 18.0]
Progress: Parameterizing module PS2_Port_Dual
Progress: Adding Pushbuttons [altera_avalon_pio 24.1]
Progress: Parameterizing module Pushbuttons
Progress: Adding SDRAM [sdram_64mb 1.0]
Progress: Parameterizing module SDRAM
Progress: Adding Slider_Switches [altera_avalon_pio 24.1]
Progress: Parameterizing module Slider_Switches
Progress: Adding SysID [altera_avalon_sysid_qsys 24.1]
Progress: Parameterizing module SysID
Progress: Adding System_CLK [clock_source 24.1]
Progress: Parameterizing module System_CLK
Progress: Adding VGA_CLK [clock_source 24.1]
Progress: Parameterizing module VGA_CLK
Progress: Adding VGA_Subsystem [VGA_Subsystem 1.0]
Progress: Parameterizing module VGA_Subsystem
Progress: Adding Video_In_Subsystem [Video_In_Subsystem 1.0]
Progress: Parameterizing module Video_In_Subsystem
Progress: Building connections
Progress: Parameterizing connections
Progress: Validating
Progress: Done reading input file
Info: Computer_System.JTAG_UART_NiosV: JTAG UART IP input clock need to be at least double (2x) the operating frequency of JTAG TCK on board
Warning: Computer_System.Logic_Analyzer: The SIM_VERILOG fileset must specify the top-level module name.
Warning: Computer_System.NiosVg: Properties (associatedClock) have been set on interface reset - in composed mode these are ignored
Warning: Computer_System.NiosVg: Properties (associatedClock) have been set on interface ndm_reset_in - in composed mode these are ignored
Info: Computer_System.SysID: System ID is not assigned automatically. Edit the System ID parameter to provide a unique ID
Info: Computer_System.SysID: Time stamp will be automatically updated when this component is generated.
Info: Computer_System.VGA_Subsystem.Char_Buf_Subsystem.Char_Buf_RGB_Resampler: RGB Resampling: 1 (bits) x 1 (planes) -> 10 (bits) x 4 (planes)
Info: Computer_System.VGA_Subsystem.Char_Buf_Subsystem.Char_Buf_Scaler: Change in Resolution: 80 x 60 -> 640 x 480
Warning: Computer_System.VGA_Subsystem.Char_Buf_Subsystem.Char_Buf_RGB_Resampler: Char_Buf_RGB_Resampler.avalon_rgb_slave must be connected to an Avalon-MM master
Info: Computer_System.VGA_Subsystem.VGA_Controller: Video Output Stream: Format: 640 x 480 with Color: 10 (bits) x 3 (planes) converted to 8 (bits) per color plane
Info: Computer_System.VGA_Subsystem.VGA_Pixel_RGB_Resampler: RGB Resampling: 16 (bits) x 1 (planes) -> 10 (bits) x 3 (planes)
Info: Computer_System.VGA_Subsystem.VGA_Pixel_Scaler: Change in Resolution: 320 x 240 -> 640 x 480
Info: Computer_System.VGA_Subsystem.VGA_Pixel_Scaler.avalon_scaler_source/VGA_Alpha_Blender.avalon_background_sink: The source has a channel signal of 2 bits, but the sink does not. Avalon-ST Adapter will be inserted.
Info: Computer_System.Video_In_Subsystem.Video_In: Video In Stream: Format: 720 x 244 (Odd Frames) or 720 x 243 (Even Frames) with Colour: 8 (bits) x 2 (planes) (YCrCb 4:2:2)
Info: Computer_System.Video_In_Subsystem.Video_In_CSC: Colour Space Conversion: 8 (bits) x 3 (planes) (444 YCrCb) -> 8 (bits) x 3 (planes) (24-bit RGB)
Info: Computer_System.Video_In_Subsystem.Video_In_Chroma_Resampler: Chroma Resampling: 8 (bits) x 2 (planes) -> 8 (bits) x 3 (planes)
Info: Computer_System.Video_In_Subsystem.Video_In_Clipper: Change in Resolution: 720 x 244 -> 640 x 240
Info: Computer_System.Video_In_Subsystem.Video_In_Edge_Detection_Subsystem.Chroma_Filter: Chroma Resampling: 8 (bits) x 3 (planes) -> 8 (bits) x 1 (planes)
Info: Computer_System.Video_In_Subsystem.Video_In_Edge_Detection_Subsystem.Chroma_Upsampler: Chroma Resampling: 8 (bits) x 1 (planes) -> 8 (bits) x 3 (planes)
Info: Computer_System.Video_In_Subsystem.Video_In_RGB_Resampler: RGB Resampling: 8 (bits) x 3 (planes) -> 16 (bits) x 1 (planes)
Info: Computer_System.Video_In_Subsystem.Video_In_Scaler: Change in Resolution: 640 x 240 -> 320 x 240
Warning: Computer_System.Video_In_Subsystem.Video_In_RGB_Resampler: Video_In_RGB_Resampler.avalon_rgb_slave must be connected to an Avalon-MM master
Warning: Computer_System.Expansion_JP1: Expansion_JP1.external_connection must be exported, or connected to a matching conduit.
Info: qsys-generate succeeded.
Info: Finished: Create block symbol file (.bsf)
Info: 
Info: Starting: Create HDL design files for synthesis
Info: qsys-generate D:\GitHub\Logic-Analyzer\Computer_Systems\DE1-SoC\src\DE1_SoC_NiosVg_Computer\Computer_System.qsys --synthesis=VERILOG --output-directory=D:\GitHub\Logic-Analyzer\Computer_Systems\DE1-SoC\src\DE1_SoC_NiosVg_Computer\Computer_System\synthesis --family="Cyclone V" --part=5CSEMA5F31C6
Progress: Loading DE1_SoC_NiosVg_Computer/Computer_System.qsys
Progress: Reading input file
Progress: Adding ADC [altera_up_avalon_adc 18.0]
Progress: Parameterizing module ADC
Progress: Adding AV_Config [altera_up_avalon_audio_and_video_config 18.0]
Progress: Parameterizing module AV_Config
Progress: Adding Audio_Subsystem [Audio_Subsystem 1.0]
Progress: Parameterizing module Audio_Subsystem
Progress: Adding Expansion_JP1 [altera_avalon_pio 24.1]
Progress: Parameterizing module Expansion_JP1
Progress: Adding Expansion_JP2 [altera_avalon_pio 24.1]
Progress: Parameterizing module Expansion_JP2
Progress: Adding HEX3_HEX0 [altera_avalon_pio 24.1]
Progress: Parameterizing module HEX3_HEX0
Progress: Adding HEX5_HEX4 [altera_avalon_pio 24.1]
Progress: Parameterizing module HEX5_HEX4
Progress: Adding Interval_Timer_NiosV [altera_avalon_timer 24.1]
Progress: Parameterizing module Interval_Timer_NiosV
Progress: Adding Interval_Timer_NiosV_2 [altera_avalon_timer 24.1]
Progress: Parameterizing module Interval_Timer_NiosV_2
Progress: Adding IrDA [altera_up_avalon_irda 18.0]
Progress: Parameterizing module IrDA
Progress: Adding JTAG_UART_NiosV [altera_avalon_jtag_uart 24.1]
Progress: Parameterizing module JTAG_UART_NiosV
Progress: Adding JTAG_to_FPGA_Bridge [altera_jtag_avalon_master 24.1]
Progress: Parameterizing module JTAG_to_FPGA_Bridge
Progress: Adding LEDs [altera_avalon_pio 24.1]
Progress: Parameterizing module LEDs
Progress: Adding Logic_Analyzer_0 [Logic_Analyzer 1.0]
Progress: Parameterizing module Logic_Analyzer_0
Progress: Adding NiosVg [intel_niosv_g 4.0.0]
Progress: Parameterizing module NiosVg
Progress: Adding Onchip_SRAM [altera_avalon_onchip_memory2 24.1]
Progress: Parameterizing module Onchip_SRAM
Progress: Adding PS2_Port [altera_up_avalon_ps2 18.0]
Progress: Parameterizing module PS2_Port
Progress: Adding PS2_Port_Dual [altera_up_avalon_ps2 18.0]
Progress: Parameterizing module PS2_Port_Dual
Progress: Adding Pushbuttons [altera_avalon_pio 24.1]
Progress: Parameterizing module Pushbuttons
Progress: Adding SDRAM [sdram_64mb 1.0]
Progress: Parameterizing module SDRAM
Progress: Adding Slider_Switches [altera_avalon_pio 24.1]
Progress: Parameterizing module Slider_Switches
Progress: Adding SysID [altera_avalon_sysid_qsys 24.1]
Progress: Parameterizing module SysID
Progress: Adding System_CLK [clock_source 24.1]
Progress: Parameterizing module System_CLK
Progress: Adding VGA_CLK [clock_source 24.1]
Progress: Parameterizing module VGA_CLK
Progress: Adding VGA_Subsystem [VGA_Subsystem 1.0]
Progress: Parameterizing module VGA_Subsystem
Progress: Adding Video_In_Subsystem [Video_In_Subsystem 1.0]
Progress: Parameterizing module Video_In_Subsystem
Progress: Building connections
Progress: Parameterizing connections
Progress: Validating
Progress: Done reading input file
Info: Computer_System.JTAG_UART_NiosV: JTAG UART IP input clock need to be at least double (2x) the operating frequency of JTAG TCK on board
Warning: Computer_System.Logic_Analyzer: The SIM_VERILOG fileset must specify the top-level module name.
Warning: Computer_System.NiosVg: Properties (associatedClock) have been set on interface reset - in composed mode these are ignored
Warning: Computer_System.NiosVg: Properties (associatedClock) have been set on interface ndm_reset_in - in composed mode these are ignored
Info: Computer_System.SysID: System ID is not assigned automatically. Edit the System ID parameter to provide a unique ID
Info: Computer_System.SysID: Time stamp will be automatically updated when this component is generated.
Info: Computer_System.VGA_Subsystem.Char_Buf_Subsystem.Char_Buf_RGB_Resampler: RGB Resampling: 1 (bits) x 1 (planes) -> 10 (bits) x 4 (planes)
Info: Computer_System.VGA_Subsystem.Char_Buf_Subsystem.Char_Buf_Scaler: Change in Resolution: 80 x 60 -> 640 x 480
Warning: Computer_System.VGA_Subsystem.Char_Buf_Subsystem.Char_Buf_RGB_Resampler: Char_Buf_RGB_Resampler.avalon_rgb_slave must be connected to an Avalon-MM master
Info: Computer_System.VGA_Subsystem.VGA_Controller: Video Output Stream: Format: 640 x 480 with Color: 10 (bits) x 3 (planes) converted to 8 (bits) per color plane
Info: Computer_System.VGA_Subsystem.VGA_Pixel_RGB_Resampler: RGB Resampling: 16 (bits) x 1 (planes) -> 10 (bits) x 3 (planes)
Info: Computer_System.VGA_Subsystem.VGA_Pixel_Scaler: Change in Resolution: 320 x 240 -> 640 x 480
Info: Computer_System.VGA_Subsystem.VGA_Pixel_Scaler.avalon_scaler_source/VGA_Alpha_Blender.avalon_background_sink: The source has a channel signal of 2 bits, but the sink does not. Avalon-ST Adapter will be inserted.
Info: Computer_System.Video_In_Subsystem.Video_In: Video In Stream: Format: 720 x 244 (Odd Frames) or 720 x 243 (Even Frames) with Colour: 8 (bits) x 2 (planes) (YCrCb 4:2:2)
Info: Computer_System.Video_In_Subsystem.Video_In_CSC: Colour Space Conversion: 8 (bits) x 3 (planes) (444 YCrCb) -> 8 (bits) x 3 (planes) (24-bit RGB)
Info: Computer_System.Video_In_Subsystem.Video_In_Chroma_Resampler: Chroma Resampling: 8 (bits) x 2 (planes) -> 8 (bits) x 3 (planes)
Info: Computer_System.Video_In_Subsystem.Video_In_Clipper: Change in Resolution: 720 x 244 -> 640 x 240
Info: Computer_System.Video_In_Subsystem.Video_In_Edge_Detection_Subsystem.Chroma_Filter: Chroma Resampling: 8 (bits) x 3 (planes) -> 8 (bits) x 1 (planes)
Info: Computer_System.Video_In_Subsystem.Video_In_Edge_Detection_Subsystem.Chroma_Upsampler: Chroma Resampling: 8 (bits) x 1 (planes) -> 8 (bits) x 3 (planes)
Info: Computer_System.Video_In_Subsystem.Video_In_RGB_Resampler: RGB Resampling: 8 (bits) x 3 (planes) -> 16 (bits) x 1 (planes)
Info: Computer_System.Video_In_Subsystem.Video_In_Scaler: Change in Resolution: 640 x 240 -> 320 x 240
Warning: Computer_System.Video_In_Subsystem.Video_In_RGB_Resampler: Video_In_RGB_Resampler.avalon_rgb_slave must be connected to an Avalon-MM master
Warning: Computer_System.Expansion_JP1: Expansion_JP1.external_connection must be exported, or connected to a matching conduit.
Info: Computer_System: Generating "Computer_System" for QUARTUS_SYNTH
Info: ADC: Starting Generation of ADC Controller for DE-series Board
Info: ADC: C:/intelfpga_lite/24.1std/ip/altera/university_program/input_output/altera_up_avalon_adc/hdl/altera_up_avalon_adv_adc.v C:/Users/david/AppData/Local/Temp/alt0535_3778811964038256011.dir/0002_sopcgen/Computer_System_ADC.v
Info: ADC: "Computer_System" instantiated altera_up_avalon_adc "ADC"
Info: AV_Config: Starting Generation of Audio and Video Config
Info: AV_Config: "Computer_System" instantiated altera_up_avalon_audio_and_video_config "AV_Config"
Info: Audio_Subsystem: "Computer_System" instantiated Audio_Subsystem "Audio_Subsystem"
Info: Expansion_JP1: Starting RTL generation for module 'Computer_System_Expansion_JP1'
Info: Expansion_JP1:   Generation command is [exec cmd /c {set LC_ALL=C&& C:/intelfpga_lite/24.1std/quartus/bin64/perl/bin/perl.exe -I C:/intelfpga_lite/24.1std/quartus/bin64/perl/lib -I C:/intelfpga_lite/24.1std/quartus/sopc_builder/bin/europa -I C:/intelfpga_lite/24.1std/quartus/sopc_builder/bin -I C:/intelfpga_lite/24.1std/quartus/../ip/altera/sopc_builder_ip/common -I C:/intelfpga_lite/24.1std/quartus/../ip/altera/sopc_builder_ip/altera_avalon_pio -- C:/intelfpga_lite/24.1std/quartus/../ip/altera/sopc_builder_ip/altera_avalon_pio/generate_rtl.pl --name=Computer_System_Expansion_JP1 --dir=C:/Users/david/AppData/Local/Temp/alt0535_3778811964038256011.dir/0006_Expansion_JP1_gen/ --quartus_dir=C:/intelfpga_lite/24.1std/quartus --verilog --config=C:/Users/david/AppData/Local/Temp/alt0535_3778811964038256011.dir/0006_Expansion_JP1_gen//Computer_System_Expansion_JP1_component_configuration.pl --do_build_sim=0}]
Info: Expansion_JP1: Done RTL generation for module 'Computer_System_Expansion_JP1'
Info: Expansion_JP1: "Computer_System" instantiated altera_avalon_pio "Expansion_JP1"
Info: HEX3_HEX0: Starting RTL generation for module 'Computer_System_HEX3_HEX0'
Info: HEX3_HEX0:   Generation command is [exec cmd /c {set LC_ALL=C&& C:/intelfpga_lite/24.1std/quartus/bin64/perl/bin/perl.exe -I C:/intelfpga_lite/24.1std/quartus/bin64/perl/lib -I C:/intelfpga_lite/24.1std/quartus/sopc_builder/bin/europa -I C:/intelfpga_lite/24.1std/quartus/sopc_builder/bin -I C:/intelfpga_lite/24.1std/quartus/../ip/altera/sopc_builder_ip/common -I C:/intelfpga_lite/24.1std/quartus/../ip/altera/sopc_builder_ip/altera_avalon_pio -- C:/intelfpga_lite/24.1std/quartus/../ip/altera/sopc_builder_ip/altera_avalon_pio/generate_rtl.pl --name=Computer_System_HEX3_HEX0 --dir=C:/Users/david/AppData/Local/Temp/alt0535_3778811964038256011.dir/0007_HEX3_HEX0_gen/ --quartus_dir=C:/intelfpga_lite/24.1std/quartus --verilog --config=C:/Users/david/AppData/Local/Temp/alt0535_3778811964038256011.dir/0007_HEX3_HEX0_gen//Computer_System_HEX3_HEX0_component_configuration.pl --do_build_sim=0}]
Info: HEX3_HEX0: Done RTL generation for module 'Computer_System_HEX3_HEX0'
Info: HEX3_HEX0: "Computer_System" instantiated altera_avalon_pio "HEX3_HEX0"
Info: HEX5_HEX4: Starting RTL generation for module 'Computer_System_HEX5_HEX4'
Info: HEX5_HEX4:   Generation command is [exec cmd /c {set LC_ALL=C&& C:/intelfpga_lite/24.1std/quartus/bin64/perl/bin/perl.exe -I C:/intelfpga_lite/24.1std/quartus/bin64/perl/lib -I C:/intelfpga_lite/24.1std/quartus/sopc_builder/bin/europa -I C:/intelfpga_lite/24.1std/quartus/sopc_builder/bin -I C:/intelfpga_lite/24.1std/quartus/../ip/altera/sopc_builder_ip/common -I C:/intelfpga_lite/24.1std/quartus/../ip/altera/sopc_builder_ip/altera_avalon_pio -- C:/intelfpga_lite/24.1std/quartus/../ip/altera/sopc_builder_ip/altera_avalon_pio/generate_rtl.pl --name=Computer_System_HEX5_HEX4 --dir=C:/Users/david/AppData/Local/Temp/alt0535_3778811964038256011.dir/0008_HEX5_HEX4_gen/ --quartus_dir=C:/intelfpga_lite/24.1std/quartus --verilog --config=C:/Users/david/AppData/Local/Temp/alt0535_3778811964038256011.dir/0008_HEX5_HEX4_gen//Computer_System_HEX5_HEX4_component_configuration.pl --do_build_sim=0}]
Info: HEX5_HEX4: Done RTL generation for module 'Computer_System_HEX5_HEX4'
Info: HEX5_HEX4: "Computer_System" instantiated altera_avalon_pio "HEX5_HEX4"
Info: Interval_Timer_NiosV: Starting RTL generation for module 'Computer_System_Interval_Timer_NiosV'
Info: Interval_Timer_NiosV:   Generation command is [exec cmd /c {set LC_ALL=C&& C:/intelFPGA_lite/24.1std/quartus/bin64//perl/bin/perl.exe -I C:/intelFPGA_lite/24.1std/quartus/bin64//perl/lib -I C:/intelfpga_lite/24.1std/quartus/sopc_builder/bin/europa -I C:/intelfpga_lite/24.1std/quartus/sopc_builder/bin -I C:/intelfpga_lite/24.1std/quartus/../ip/altera/sopc_builder_ip/common -I C:/intelfpga_lite/24.1std/quartus/../ip/altera/sopc_builder_ip/altera_avalon_timer -- C:/intelfpga_lite/24.1std/quartus/../ip/altera/sopc_builder_ip/altera_avalon_timer/generate_rtl.pl --name=Computer_System_Interval_Timer_NiosV --dir=C:/Users/david/AppData/Local/Temp/alt0535_3778811964038256011.dir/0009_Interval_Timer_NiosV_gen/ --quartus_dir=C:/intelfpga_lite/24.1std/quartus --verilog --config=C:/Users/david/AppData/Local/Temp/alt0535_3778811964038256011.dir/0009_Interval_Timer_NiosV_gen//Computer_System_Interval_Timer_NiosV_component_configuration.pl --do_build_sim=0}]
Info: Interval_Timer_NiosV: Done RTL generation for module 'Computer_System_Interval_Timer_NiosV'
Info: Interval_Timer_NiosV: "Computer_System" instantiated altera_avalon_timer "Interval_Timer_NiosV"
Info: IrDA: Starting Generation of RS232 UART
Info: IrDA: "Computer_System" instantiated altera_up_avalon_irda "IrDA"
Info: JTAG_UART_NiosV: "Computer_System" instantiated altera_avalon_jtag_uart "JTAG_UART_NiosV"
Info: JTAG_to_FPGA_Bridge: "Computer_System" instantiated altera_jtag_avalon_master "JTAG_to_FPGA_Bridge"
Info: LEDs: Starting RTL generation for module 'Computer_System_LEDs'
Info: LEDs:   Generation command is [exec cmd /c {set LC_ALL=C&& C:/intelfpga_lite/24.1std/quartus/bin64/perl/bin/perl.exe -I C:/intelfpga_lite/24.1std/quartus/bin64/perl/lib -I C:/intelfpga_lite/24.1std/quartus/sopc_builder/bin/europa -I C:/intelfpga_lite/24.1std/quartus/sopc_builder/bin -I C:/intelfpga_lite/24.1std/quartus/../ip/altera/sopc_builder_ip/common -I C:/intelfpga_lite/24.1std/quartus/../ip/altera/sopc_builder_ip/altera_avalon_pio -- C:/intelfpga_lite/24.1std/quartus/../ip/altera/sopc_builder_ip/altera_avalon_pio/generate_rtl.pl --name=Computer_System_LEDs --dir=C:/Users/david/AppData/Local/Temp/alt0535_3778811964038256011.dir/0012_LEDs_gen/ --quartus_dir=C:/intelfpga_lite/24.1std/quartus --verilog --config=C:/Users/david/AppData/Local/Temp/alt0535_3778811964038256011.dir/0012_LEDs_gen//Computer_System_LEDs_component_configuration.pl --do_build_sim=0}]
Info: LEDs: Done RTL generation for module 'Computer_System_LEDs'
Info: LEDs: "Computer_System" instantiated altera_avalon_pio "LEDs"
Info: Logic_Analyzer_0: "Computer_System" instantiated Logic_Analyzer "Logic_Analyzer_0"
Info: NiosVg: "Computer_System" instantiated intel_niosv_g "NiosVg"
Info: Onchip_SRAM: Starting RTL generation for module 'Computer_System_Onchip_SRAM'
Info: Onchip_SRAM:   Generation command is [exec cmd /c {set LC_ALL=C&& C:/intelfpga_lite/24.1std/quartus/bin64/perl/bin/perl.exe -I C:/intelfpga_lite/24.1std/quartus/bin64/perl/lib -I C:/intelfpga_lite/24.1std/quartus/sopc_builder/bin/europa -I C:/intelfpga_lite/24.1std/quartus/sopc_builder/bin -I C:/intelfpga_lite/24.1std/quartus/../ip/altera/sopc_builder_ip/common -I C:/intelfpga_lite/24.1std/quartus/../ip/altera/sopc_builder_ip/altera_avalon_onchip_memory2 -- C:/intelfpga_lite/24.1std/quartus/../ip/altera/sopc_builder_ip/altera_avalon_onchip_memory2/generate_rtl.pl --name=Computer_System_Onchip_SRAM --dir=C:/Users/david/AppData/Local/Temp/alt0535_3778811964038256011.dir/0014_Onchip_SRAM_gen/ --quartus_dir=C:/intelfpga_lite/24.1std/quartus --verilog --config=C:/Users/david/AppData/Local/Temp/alt0535_3778811964038256011.dir/0014_Onchip_SRAM_gen//Computer_System_Onchip_SRAM_component_configuration.pl --do_build_sim=0}]
Info: Onchip_SRAM: Done RTL generation for module 'Computer_System_Onchip_SRAM'
Info: Onchip_SRAM: "Computer_System" instantiated altera_avalon_onchip_memory2 "Onchip_SRAM"
Info: PS2_Port: Starting Generation of PS2 Controller
Info: PS2_Port: "Computer_System" instantiated altera_up_avalon_ps2 "PS2_Port"
Info: Pushbuttons: Starting RTL generation for module 'Computer_System_Pushbuttons'
Info: Pushbuttons:   Generation command is [exec cmd /c {set LC_ALL=C&& C:/intelfpga_lite/24.1std/quartus/bin64/perl/bin/perl.exe -I C:/intelfpga_lite/24.1std/quartus/bin64/perl/lib -I C:/intelfpga_lite/24.1std/quartus/sopc_builder/bin/europa -I C:/intelfpga_lite/24.1std/quartus/sopc_builder/bin -I C:/intelfpga_lite/24.1std/quartus/../ip/altera/sopc_builder_ip/common -I C:/intelfpga_lite/24.1std/quartus/../ip/altera/sopc_builder_ip/altera_avalon_pio -- C:/intelfpga_lite/24.1std/quartus/../ip/altera/sopc_builder_ip/altera_avalon_pio/generate_rtl.pl --name=Computer_System_Pushbuttons --dir=C:/Users/david/AppData/Local/Temp/alt0535_3778811964038256011.dir/0016_Pushbuttons_gen/ --quartus_dir=C:/intelfpga_lite/24.1std/quartus --verilog --config=C:/Users/david/AppData/Local/Temp/alt0535_3778811964038256011.dir/0016_Pushbuttons_gen//Computer_System_Pushbuttons_component_configuration.pl --do_build_sim=0}]
Info: Pushbuttons: Done RTL generation for module 'Computer_System_Pushbuttons'
Info: Pushbuttons: "Computer_System" instantiated altera_avalon_pio "Pushbuttons"
Info: SDRAM: "Computer_System" instantiated sdram_64mb "SDRAM"
Info: Slider_Switches: Starting RTL generation for module 'Computer_System_Slider_Switches'
Info: Slider_Switches:   Generation command is [exec cmd /c {set LC_ALL=C&& C:/intelfpga_lite/24.1std/quartus/bin64/perl/bin/perl.exe -I C:/intelfpga_lite/24.1std/quartus/bin64/perl/lib -I C:/intelfpga_lite/24.1std/quartus/sopc_builder/bin/europa -I C:/intelfpga_lite/24.1std/quartus/sopc_builder/bin -I C:/intelfpga_lite/24.1std/quartus/../ip/altera/sopc_builder_ip/common -I C:/intelfpga_lite/24.1std/quartus/../ip/altera/sopc_builder_ip/altera_avalon_pio -- C:/intelfpga_lite/24.1std/quartus/../ip/altera/sopc_builder_ip/altera_avalon_pio/generate_rtl.pl --name=Computer_System_Slider_Switches --dir=C:/Users/david/AppData/Local/Temp/alt0535_3778811964038256011.dir/0018_Slider_Switches_gen/ --quartus_dir=C:/intelfpga_lite/24.1std/quartus --verilog --config=C:/Users/david/AppData/Local/Temp/alt0535_3778811964038256011.dir/0018_Slider_Switches_gen//Computer_System_Slider_Switches_component_configuration.pl --do_build_sim=0}]
Info: Slider_Switches: Done RTL generation for module 'Computer_System_Slider_Switches'
Info: Slider_Switches: "Computer_System" instantiated altera_avalon_pio "Slider_Switches"
Info: SysID: "Computer_System" instantiated altera_avalon_sysid_qsys "SysID"
Info: avalon_st_adapter: Inserting channel_adapter: channel_adapter_0
Info: VGA_Subsystem: "Computer_System" instantiated VGA_Subsystem "VGA_Subsystem"
Info: Video_In_Subsystem: "Computer_System" instantiated Video_In_Subsystem "Video_In_Subsystem"
Info: avalon_st_adapter: Inserting error_adapter: error_adapter_0
Info: avalon_st_adapter_001: Inserting error_adapter: error_adapter_0
Info: avalon_st_adapter_002: Inserting error_adapter: error_adapter_0
Info: avalon_st_adapter_003: Inserting error_adapter: error_adapter_0
Info: avalon_st_adapter_004: Inserting error_adapter: error_adapter_0
Info: avalon_st_adapter_005: Inserting error_adapter: error_adapter_0
Info: avalon_st_adapter_006: Inserting error_adapter: error_adapter_0
Info: avalon_st_adapter_007: Inserting error_adapter: error_adapter_0
Info: avalon_st_adapter_008: Inserting error_adapter: error_adapter_0
Info: avalon_st_adapter_009: Inserting error_adapter: error_adapter_0
Info: avalon_st_adapter_010: Inserting error_adapter: error_adapter_0
Info: avalon_st_adapter_011: Inserting error_adapter: error_adapter_0
Info: avalon_st_adapter_012: Inserting error_adapter: error_adapter_0
Info: avalon_st_adapter_013: Inserting error_adapter: error_adapter_0
Info: avalon_st_adapter_014: Inserting error_adapter: error_adapter_0
Info: avalon_st_adapter_015: Inserting error_adapter: error_adapter_0
Info: avalon_st_adapter_016: Inserting error_adapter: error_adapter_0
Info: avalon_st_adapter_017: Inserting error_adapter: error_adapter_0
Info: avalon_st_adapter_018: Inserting error_adapter: error_adapter_0
Info: avalon_st_adapter_019: Inserting error_adapter: error_adapter_0
Info: avalon_st_adapter_020: Inserting error_adapter: error_adapter_0
Info: avalon_st_adapter_021: Inserting error_adapter: error_adapter_0
Info: avalon_st_adapter_022: Inserting error_adapter: error_adapter_0
Info: avalon_st_adapter_023: Inserting error_adapter: error_adapter_0
Info: avalon_st_adapter_024: Inserting error_adapter: error_adapter_0
Info: avalon_st_adapter_025: Inserting error_adapter: error_adapter_0
Info: avalon_st_adapter_026: Inserting error_adapter: error_adapter_0
Info: avalon_st_adapter_027: Inserting error_adapter: error_adapter_0
Info: avalon_st_adapter_028: Inserting error_adapter: error_adapter_0
Info: mm_interconnect_0: "Computer_System" instantiated altera_mm_interconnect "mm_interconnect_0"
Info: irq_mapper: "Computer_System" instantiated altera_irq_mapper "irq_mapper"
Info: rst_controller: "Computer_System" instantiated altera_reset_controller "rst_controller"
Info: Audio: Starting Generation of Audio Controller
Info: Audio: "Audio_Subsystem" instantiated altera_up_avalon_audio "Audio"
Warning: Overwriting different file D:/GitHub/Logic-Analyzer/Computer_Systems/DE1-SoC/src/DE1_SoC_NiosVg_Computer/Computer_System/synthesis/submodules/altera_up_sync_fifo.v
Info: Audio_PLL: "Audio_Subsystem" instantiated altera_up_avalon_audio_pll "Audio_PLL"
Info: jtag_phy_embedded_in_jtag_master: "JTAG_to_FPGA_Bridge" instantiated altera_jtag_dc_streaming "jtag_phy_embedded_in_jtag_master"
Info: timing_adt: "JTAG_to_FPGA_Bridge" instantiated timing_adapter "timing_adt"
Info: fifo: "JTAG_to_FPGA_Bridge" instantiated altera_avalon_sc_fifo "fifo"
Info: b2p: "JTAG_to_FPGA_Bridge" instantiated altera_avalon_st_bytes_to_packets "b2p"
Info: p2b: "JTAG_to_FPGA_Bridge" instantiated altera_avalon_st_packets_to_bytes "p2b"
Info: transacto: "JTAG_to_FPGA_Bridge" instantiated altera_avalon_packets_to_master "transacto"
Info: b2p_adapter: "JTAG_to_FPGA_Bridge" instantiated channel_adapter "b2p_adapter"
Info: p2b_adapter: "JTAG_to_FPGA_Bridge" instantiated channel_adapter "p2b_adapter"
Info: niosv_reset_controller: "Generating: niosv_reset_controller"
Info: hart: "NiosVg" instantiated intel_niosv_g_unit "hart"
Info: Reusing file D:/GitHub/Logic-Analyzer/Computer_Systems/DE1-SoC/src/DE1_SoC_NiosVg_Computer/Computer_System/synthesis/submodules/altera_avalon_sc_fifo.v
Info: timer_module: "NiosVg" instantiated intel_niosv_timer_msip "timer_module"
Info: dbg_mod: "NiosVg" instantiated intel_niosv_dbg_mod "dbg_mod"
Info: Reusing file D:/GitHub/Logic-Analyzer/Computer_Systems/DE1-SoC/src/DE1_SoC_NiosVg_Computer/Computer_System/synthesis/submodules/niosv_ram.sv
Info: Reusing file D:/GitHub/Logic-Analyzer/Computer_Systems/DE1-SoC/src/DE1_SoC_NiosVg_Computer/Computer_System/synthesis/submodules/altera_std_synchronizer_nocut.v
Info: Reusing file D:/GitHub/Logic-Analyzer/Computer_Systems/DE1-SoC/src/DE1_SoC_NiosVg_Computer/Computer_System/synthesis/submodules/altera_avalon_st_clock_crosser.v
Info: Reusing file D:/GitHub/Logic-Analyzer/Computer_Systems/DE1-SoC/src/DE1_SoC_NiosVg_Computer/Computer_System/synthesis/submodules/altera_avalon_st_pipeline_base.v
Info: Reusing file D:/GitHub/Logic-Analyzer/Computer_Systems/DE1-SoC/src/DE1_SoC_NiosVg_Computer/Computer_System/synthesis/submodules/altera_avalon_st_pipeline_stage.sv
Info: Reusing file D:/GitHub/Logic-Analyzer/Computer_Systems/DE1-SoC/src/DE1_SoC_NiosVg_Computer/Computer_System/synthesis/submodules/altera_reset_synchronizer.v
Info: Reusing file D:/GitHub/Logic-Analyzer/Computer_Systems/DE1-SoC/src/DE1_SoC_NiosVg_Computer/Computer_System/synthesis/submodules/altera_reset_controller.v
Info: Reusing file D:/GitHub/Logic-Analyzer/Computer_Systems/DE1-SoC/src/DE1_SoC_NiosVg_Computer/Computer_System/synthesis/submodules/altera_reset_controller.sdc
Info: irq_mapper: "NiosVg" instantiated altera_irq_mapper "irq_mapper"
Info: Interconnect is inserted between master Char_Buf_DMA.avalon_dma_master and slave Onchip_SRAM.s2 because the master has address signal 32 bit wide, but the slave is 11 bit wide.
Info: Interconnect is inserted between master Char_Buf_DMA.avalon_dma_master and slave Onchip_SRAM.s2 because the master has waitrequest signal 1 bit wide, but the slave is 0 bit wide.
Info: Interconnect is inserted between master Char_Buf_DMA.avalon_dma_master and slave Onchip_SRAM.s2 because the master has lock signal 1 bit wide, but the slave is 0 bit wide.
Info: Interconnect is inserted between master Char_Buf_DMA.avalon_dma_master and slave Onchip_SRAM.s2 because the master has read signal 1 bit wide, but the slave is 0 bit wide.
Info: Interconnect is inserted between master Char_Buf_DMA.avalon_dma_master and slave Onchip_SRAM.s2 because the master has readdata signal 8 bit wide, but the slave is 32 bit wide.
Info: Interconnect is inserted between master Char_Buf_DMA.avalon_dma_master and slave Onchip_SRAM.s2 because the master has readdatavalid signal 1 bit wide, but the slave is 0 bit wide.
Info: Char_Buf_Subsystem: "VGA_Subsystem" instantiated Char_Buf_Subsystem "Char_Buf_Subsystem"
Info: VGA_Alpha_Blender: Starting Generation of the Alpha Blender
Info: VGA_Alpha_Blender: "VGA_Subsystem" instantiated altera_up_avalon_video_alpha_blender "VGA_Alpha_Blender"
Info: VGA_Controller: Starting Generation of VGA Controller
Info: VGA_Controller: "VGA_Subsystem" instantiated altera_up_avalon_video_vga_controller "VGA_Controller"
Info: VGA_Dual_Clock_FIFO: Starting Generation of the Dual Clock Buffer
Info: VGA_Dual_Clock_FIFO: "VGA_Subsystem" instantiated altera_up_avalon_video_dual_clock_buffer "VGA_Dual_Clock_FIFO"
Info: VGA_Pixel_DMA: Starting Generation of Video DMA Controller
Info: VGA_Pixel_DMA: "VGA_Subsystem" instantiated altera_up_avalon_video_dma_controller "VGA_Pixel_DMA"
Info: VGA_Pixel_FIFO: Starting Generation of the Dual Clock Buffer
Info: VGA_Pixel_FIFO: "VGA_Subsystem" instantiated altera_up_avalon_video_dual_clock_buffer "VGA_Pixel_FIFO"
Info: VGA_Pixel_RGB_Resampler: Starting Generation of Video RGB Resampler
Info: VGA_Pixel_RGB_Resampler: "VGA_Subsystem" instantiated altera_up_avalon_video_rgb_resampler "VGA_Pixel_RGB_Resampler"
Info: VGA_Pixel_Scaler: Starting Generation of Video Scaler
Info: VGA_Pixel_Scaler: "VGA_Subsystem" instantiated altera_up_avalon_video_scaler "VGA_Pixel_Scaler"
Info: avalon_st_adapter: "VGA_Subsystem" instantiated altera_avalon_st_adapter "avalon_st_adapter"
Info: Video_In: Starting Generation of Video In Decoder
Info: Video_In: "Video_In_Subsystem" instantiated altera_up_avalon_video_decoder "Video_In"
Info: Video_In_CSC: Starting Generation of Colour Space Converter
Info: Video_In_CSC: "Video_In_Subsystem" instantiated altera_up_avalon_video_csc "Video_In_CSC"
Info: Video_In_Chroma_Resampler: Starting Generation of Chroma Resampler
Info: Video_In_Chroma_Resampler: "Video_In_Subsystem" instantiated altera_up_avalon_video_chroma_resampler "Video_In_Chroma_Resampler"
Info: Video_In_Clipper: Starting generation of the video clipper
Info: Video_In_Clipper: "Video_In_Subsystem" instantiated altera_up_avalon_video_clipper "Video_In_Clipper"
Info: Video_In_DMA: Starting Generation of Video DMA Controller
Info: Video_In_DMA: "Video_In_Subsystem" instantiated altera_up_avalon_video_dma_controller "Video_In_DMA"
Info: Reusing file D:/GitHub/Logic-Analyzer/Computer_Systems/DE1-SoC/src/DE1_SoC_NiosVg_Computer/Computer_System/synthesis/submodules/altera_up_video_dma_control_slave.v
Info: Reusing file D:/GitHub/Logic-Analyzer/Computer_Systems/DE1-SoC/src/DE1_SoC_NiosVg_Computer/Computer_System/synthesis/submodules/altera_up_video_dma_to_memory.v
Info: Reusing file D:/GitHub/Logic-Analyzer/Computer_Systems/DE1-SoC/src/DE1_SoC_NiosVg_Computer/Computer_System/synthesis/submodules/altera_up_video_dma_to_stream.v
Info: Video_In_Edge_Detection_Subsystem: "Video_In_Subsystem" instantiated Video_In_Edge_Detection_Subsystem "Video_In_Edge_Detection_Subsystem"
Info: Video_In_RGB_Resampler: Starting Generation of Video RGB Resampler
Info: Video_In_RGB_Resampler: "Video_In_Subsystem" instantiated altera_up_avalon_video_rgb_resampler "Video_In_RGB_Resampler"
Info: Video_In_Scaler: Starting Generation of Video Scaler
Info: Video_In_Scaler: "Video_In_Subsystem" instantiated altera_up_avalon_video_scaler "Video_In_Scaler"
Info: Reusing file D:/GitHub/Logic-Analyzer/Computer_Systems/DE1-SoC/src/DE1_SoC_NiosVg_Computer/Computer_System/synthesis/submodules/altera_up_video_scaler_shrink.v
Info: Reusing file D:/GitHub/Logic-Analyzer/Computer_Systems/DE1-SoC/src/DE1_SoC_NiosVg_Computer/Computer_System/synthesis/submodules/altera_up_video_scaler_multiply_width.v
Info: Reusing file D:/GitHub/Logic-Analyzer/Computer_Systems/DE1-SoC/src/DE1_SoC_NiosVg_Computer/Computer_System/synthesis/submodules/altera_up_video_scaler_multiply_height.v
Info: NiosVg_data_manager_translator: "mm_interconnect_0" instantiated altera_merlin_axi_translator "NiosVg_data_manager_translator"
Info: JTAG_to_FPGA_Bridge_master_translator: "mm_interconnect_0" instantiated altera_merlin_master_translator "JTAG_to_FPGA_Bridge_master_translator"
Info: ADC_adc_slave_translator: "mm_interconnect_0" instantiated altera_merlin_slave_translator "ADC_adc_slave_translator"
Info: NiosVg_data_manager_agent: "mm_interconnect_0" instantiated altera_merlin_axi_master_ni "NiosVg_data_manager_agent"
Info: JTAG_to_FPGA_Bridge_master_agent: "mm_interconnect_0" instantiated altera_merlin_master_agent "JTAG_to_FPGA_Bridge_master_agent"
Info: ADC_adc_slave_agent: "mm_interconnect_0" instantiated altera_merlin_slave_agent "ADC_adc_slave_agent"
Info: router: "mm_interconnect_0" instantiated altera_merlin_router "router"
Info: router_002: "mm_interconnect_0" instantiated altera_merlin_router "router_002"
Info: router_003: "mm_interconnect_0" instantiated altera_merlin_router "router_003"
Info: router_004: "mm_interconnect_0" instantiated altera_merlin_router "router_004"
Info: router_006: "mm_interconnect_0" instantiated altera_merlin_router "router_006"
Info: router_007: "mm_interconnect_0" instantiated altera_merlin_router "router_007"
Info: router_018: "mm_interconnect_0" instantiated altera_merlin_router "router_018"
Info: router_021: "mm_interconnect_0" instantiated altera_merlin_router "router_021"
Info: router_022: "mm_interconnect_0" instantiated altera_merlin_router "router_022"
Info: router_032: "mm_interconnect_0" instantiated altera_merlin_router "router_032"
Info: router_035: "mm_interconnect_0" instantiated altera_merlin_router "router_035"
Info: JTAG_to_FPGA_Bridge_master_limiter: "mm_interconnect_0" instantiated altera_merlin_traffic_limiter "JTAG_to_FPGA_Bridge_master_limiter"
Info: Reusing file D:/GitHub/Logic-Analyzer/Computer_Systems/DE1-SoC/src/DE1_SoC_NiosVg_Computer/Computer_System/synthesis/submodules/altera_avalon_sc_fifo.v
Info: Reusing file D:/GitHub/Logic-Analyzer/Computer_Systems/DE1-SoC/src/DE1_SoC_NiosVg_Computer/Computer_System/synthesis/submodules/altera_avalon_st_pipeline_base.v
Info: ADC_adc_slave_burst_adapter: "mm_interconnect_0" instantiated altera_merlin_burst_adapter "ADC_adc_slave_burst_adapter"
Info: Reusing file D:/GitHub/Logic-Analyzer/Computer_Systems/DE1-SoC/src/DE1_SoC_NiosVg_Computer/Computer_System/synthesis/submodules/altera_merlin_address_alignment.sv
Info: Reusing file D:/GitHub/Logic-Analyzer/Computer_Systems/DE1-SoC/src/DE1_SoC_NiosVg_Computer/Computer_System/synthesis/submodules/altera_avalon_st_pipeline_stage.sv
Info: Reusing file D:/GitHub/Logic-Analyzer/Computer_Systems/DE1-SoC/src/DE1_SoC_NiosVg_Computer/Computer_System/synthesis/submodules/altera_avalon_st_pipeline_base.v
Info: cmd_demux: "mm_interconnect_0" instantiated altera_merlin_demultiplexer "cmd_demux"
Info: cmd_demux_002: "mm_interconnect_0" instantiated altera_merlin_demultiplexer "cmd_demux_002"
Info: cmd_demux_003: "mm_interconnect_0" instantiated altera_merlin_demultiplexer "cmd_demux_003"
Info: cmd_demux_004: "mm_interconnect_0" instantiated altera_merlin_demultiplexer "cmd_demux_004"
Info: cmd_demux_006: "mm_interconnect_0" instantiated altera_merlin_demultiplexer "cmd_demux_006"
Info: cmd_mux: "mm_interconnect_0" instantiated altera_merlin_multiplexer "cmd_mux"
Info: cmd_mux_011: "mm_interconnect_0" instantiated altera_merlin_multiplexer "cmd_mux_011"
Info: Reusing file D:/GitHub/Logic-Analyzer/Computer_Systems/DE1-SoC/src/DE1_SoC_NiosVg_Computer/Computer_System/synthesis/submodules/altera_merlin_arbitrator.sv
Info: cmd_mux_014: "mm_interconnect_0" instantiated altera_merlin_multiplexer "cmd_mux_014"
Info: Reusing file D:/GitHub/Logic-Analyzer/Computer_Systems/DE1-SoC/src/DE1_SoC_NiosVg_Computer/Computer_System/synthesis/submodules/altera_merlin_arbitrator.sv
Info: cmd_mux_025: "mm_interconnect_0" instantiated altera_merlin_multiplexer "cmd_mux_025"
Info: Reusing file D:/GitHub/Logic-Analyzer/Computer_Systems/DE1-SoC/src/DE1_SoC_NiosVg_Computer/Computer_System/synthesis/submodules/altera_merlin_arbitrator.sv
Info: rsp_demux: "mm_interconnect_0" instantiated altera_merlin_demultiplexer "rsp_demux"
Info: rsp_demux_011: "mm_interconnect_0" instantiated altera_merlin_demultiplexer "rsp_demux_011"
Info: rsp_demux_014: "mm_interconnect_0" instantiated altera_merlin_demultiplexer "rsp_demux_014"
Info: rsp_demux_025: "mm_interconnect_0" instantiated altera_merlin_demultiplexer "rsp_demux_025"
Info: rsp_mux: "mm_interconnect_0" instantiated altera_merlin_multiplexer "rsp_mux"
Info: Reusing file D:/GitHub/Logic-Analyzer/Computer_Systems/DE1-SoC/src/DE1_SoC_NiosVg_Computer/Computer_System/synthesis/submodules/altera_merlin_arbitrator.sv
Info: rsp_mux_002: "mm_interconnect_0" instantiated altera_merlin_multiplexer "rsp_mux_002"
Info: Reusing file D:/GitHub/Logic-Analyzer/Computer_Systems/DE1-SoC/src/DE1_SoC_NiosVg_Computer/Computer_System/synthesis/submodules/altera_merlin_arbitrator.sv
Info: rsp_mux_003: "mm_interconnect_0" instantiated altera_merlin_multiplexer "rsp_mux_003"
Info: Reusing file D:/GitHub/Logic-Analyzer/Computer_Systems/DE1-SoC/src/DE1_SoC_NiosVg_Computer/Computer_System/synthesis/submodules/altera_merlin_arbitrator.sv
Info: rsp_mux_004: "mm_interconnect_0" instantiated altera_merlin_multiplexer "rsp_mux_004"
Info: Reusing file D:/GitHub/Logic-Analyzer/Computer_Systems/DE1-SoC/src/DE1_SoC_NiosVg_Computer/Computer_System/synthesis/submodules/altera_merlin_arbitrator.sv
Info: NiosVg_data_manager_wr_to_SDRAM_s1_cmd_width_adapter: "mm_interconnect_0" instantiated altera_merlin_width_adapter "NiosVg_data_manager_wr_to_SDRAM_s1_cmd_width_adapter"
Info: Reusing file D:/GitHub/Logic-Analyzer/Computer_Systems/DE1-SoC/src/DE1_SoC_NiosVg_Computer/Computer_System/synthesis/submodules/altera_merlin_address_alignment.sv
Info: Reusing file D:/GitHub/Logic-Analyzer/Computer_Systems/DE1-SoC/src/DE1_SoC_NiosVg_Computer/Computer_System/synthesis/submodules/altera_merlin_burst_uncompressor.sv
Info: avalon_st_adapter: "mm_interconnect_0" instantiated altera_avalon_st_adapter "avalon_st_adapter"
Info: avalon_st_adapter_014: "mm_interconnect_0" instantiated altera_avalon_st_adapter "avalon_st_adapter_014"
Info: audio_pll: "Audio_PLL" instantiated altera_pll "audio_pll"
Info: reset_from_locked: "Audio_PLL" instantiated altera_up_avalon_reset_from_locked_signal "reset_from_locked"
Info: niosv_reset_controller: "hart" instantiated intel_niosv_g_unit "niosv_reset_controller"
Info: ASCII_to_Image: Starting Generation of ASCII to Image Stream Converter
Info: ASCII_to_Image: "Char_Buf_Subsystem" instantiated altera_up_avalon_video_ascii_to_image "ASCII_to_Image"
Info: Char_Buf_DMA: Starting Generation of Video DMA Controller
Info: Char_Buf_DMA: "Char_Buf_Subsystem" instantiated altera_up_avalon_video_dma_controller "Char_Buf_DMA"
Info: Reusing file D:/GitHub/Logic-Analyzer/Computer_Systems/DE1-SoC/src/DE1_SoC_NiosVg_Computer/Computer_System/synthesis/submodules/altera_up_video_dma_control_slave.v
Info: Reusing file D:/GitHub/Logic-Analyzer/Computer_Systems/DE1-SoC/src/DE1_SoC_NiosVg_Computer/Computer_System/synthesis/submodules/altera_up_video_dma_to_memory.v
Info: Reusing file D:/GitHub/Logic-Analyzer/Computer_Systems/DE1-SoC/src/DE1_SoC_NiosVg_Computer/Computer_System/synthesis/submodules/altera_up_video_dma_to_stream.v
Info: Char_Buf_RGB_Resampler: Starting Generation of Video RGB Resampler
Info: Char_Buf_RGB_Resampler: "Char_Buf_Subsystem" instantiated altera_up_avalon_video_rgb_resampler "Char_Buf_RGB_Resampler"
Info: Char_Buf_Scaler: Starting Generation of Video Scaler
Info: Char_Buf_Scaler: "Char_Buf_Subsystem" instantiated altera_up_avalon_video_scaler "Char_Buf_Scaler"
Info: Reusing file D:/GitHub/Logic-Analyzer/Computer_Systems/DE1-SoC/src/DE1_SoC_NiosVg_Computer/Computer_System/synthesis/submodules/altera_up_video_scaler_shrink.v
Info: Reusing file D:/GitHub/Logic-Analyzer/Computer_Systems/DE1-SoC/src/DE1_SoC_NiosVg_Computer/Computer_System/synthesis/submodules/altera_up_video_scaler_multiply_width.v
Info: Reusing file D:/GitHub/Logic-Analyzer/Computer_Systems/DE1-SoC/src/DE1_SoC_NiosVg_Computer/Computer_System/synthesis/submodules/altera_up_video_scaler_multiply_height.v
Info: Onchip_SRAM: Starting RTL generation for module 'Computer_System_VGA_Subsystem_Char_Buf_Subsystem_Onchip_SRAM'
Info: Onchip_SRAM:   Generation command is [exec cmd /c {set LC_ALL=C&& C:/intelfpga_lite/24.1std/quartus/bin64/perl/bin/perl.exe -I C:/intelfpga_lite/24.1std/quartus/bin64/perl/lib -I C:/intelfpga_lite/24.1std/quartus/sopc_builder/bin/europa -I C:/intelfpga_lite/24.1std/quartus/sopc_builder/bin -I C:/intelfpga_lite/24.1std/quartus/../ip/altera/sopc_builder_ip/common -I C:/intelfpga_lite/24.1std/quartus/../ip/altera/sopc_builder_ip/altera_avalon_onchip_memory2 -- C:/intelfpga_lite/24.1std/quartus/../ip/altera/sopc_builder_ip/altera_avalon_onchip_memory2/generate_rtl.pl --name=Computer_System_VGA_Subsystem_Char_Buf_Subsystem_Onchip_SRAM --dir=C:/Users/david/AppData/Local/Temp/alt0535_3778811964038256011.dir/0092_Onchip_SRAM_gen/ --quartus_dir=C:/intelfpga_lite/24.1std/quartus --verilog --config=C:/Users/david/AppData/Local/Temp/alt0535_3778811964038256011.dir/0092_Onchip_SRAM_gen//Computer_System_VGA_Subsystem_Char_Buf_Subsystem_Onchip_SRAM_component_configuration.pl --do_build_sim=0}]
Info: Onchip_SRAM: Done RTL generation for module 'Computer_System_VGA_Subsystem_Char_Buf_Subsystem_Onchip_SRAM'
Info: Onchip_SRAM: "Char_Buf_Subsystem" instantiated altera_avalon_onchip_memory2 "Onchip_SRAM"
Info: Set_Black_Transparent: Starting Generation of Video Change Alpha Value IP Core
Info: Set_Black_Transparent: "Char_Buf_Subsystem" instantiated altera_up_avalon_video_change_alpha "Set_Black_Transparent"
Info: avalon_st_adapter: Inserting error_adapter: error_adapter_0
Info: mm_interconnect_0: "Char_Buf_Subsystem" instantiated altera_mm_interconnect "mm_interconnect_0"
Info: channel_adapter_0: "avalon_st_adapter" instantiated channel_adapter "channel_adapter_0"
Info: Chroma_Filter: Starting Generation of Chroma Resampler
Info: Chroma_Filter: "Video_In_Edge_Detection_Subsystem" instantiated altera_up_avalon_video_chroma_resampler "Chroma_Filter"
Info: Chroma_Upsampler: Starting Generation of Chroma Resampler
Info: Chroma_Upsampler: "Video_In_Edge_Detection_Subsystem" instantiated altera_up_avalon_video_chroma_resampler "Chroma_Upsampler"
Info: Edge_Detection: Starting Generation of Video In Edge Detection
Info: Edge_Detection: "Video_In_Edge_Detection_Subsystem" instantiated altera_up_avalon_video_edge_detection "Edge_Detection"
Info: Edge_Detection_Router_Controller: Starting RTL generation for module 'Computer_System_Video_In_Subsystem_Video_In_Edge_Detection_Subsystem_Edge_Detection_Router_Controller'
Info: Edge_Detection_Router_Controller:   Generation command is [exec cmd /c {set LC_ALL=C&& C:/intelfpga_lite/24.1std/quartus/bin64/perl/bin/perl.exe -I C:/intelfpga_lite/24.1std/quartus/bin64/perl/lib -I C:/intelfpga_lite/24.1std/quartus/sopc_builder/bin/europa -I C:/intelfpga_lite/24.1std/quartus/sopc_builder/bin -I C:/intelfpga_lite/24.1std/quartus/../ip/altera/sopc_builder_ip/common -I C:/intelfpga_lite/24.1std/quartus/../ip/altera/sopc_builder_ip/altera_avalon_pio -- C:/intelfpga_lite/24.1std/quartus/../ip/altera/sopc_builder_ip/altera_avalon_pio/generate_rtl.pl --name=Computer_System_Video_In_Subsystem_Video_In_Edge_Detection_Subsystem_Edge_Detection_Router_Controller --dir=C:/Users/david/AppData/Local/Temp/alt0535_3778811964038256011.dir/0098_Edge_Detection_Router_Controller_gen/ --quartus_dir=C:/intelfpga_lite/24.1std/quartus --verilog --config=C:/Users/david/AppData/Local/Temp/alt0535_3778811964038256011.dir/0098_Edge_Detection_Router_Controller_gen//Computer_System_Video_In_Subsystem_Video_In_Edge_Detection_Subsystem_Edge_Detection_Router_Controller_component_configuration.pl --do_build_sim=0}]
Info: Edge_Detection_Router_Controller: Done RTL generation for module 'Computer_System_Video_In_Subsystem_Video_In_Edge_Detection_Subsystem_Edge_Detection_Router_Controller'
Info: Edge_Detection_Router_Controller: "Video_In_Edge_Detection_Subsystem" instantiated altera_avalon_pio "Edge_Detection_Router_Controller"
Info: Video_Stream_Merger: Starting Generation of Video In Stream Router
Info: Video_Stream_Merger: "Video_In_Edge_Detection_Subsystem" instantiated altera_up_avalon_video_stream_router "Video_Stream_Merger"
Info: Video_Stream_Splitter: Starting Generation of Video In Stream Router
Info: Video_Stream_Splitter: "Video_In_Edge_Detection_Subsystem" instantiated altera_up_avalon_video_stream_router "Video_Stream_Splitter"
Info: error_adapter_0: "avalon_st_adapter" instantiated error_adapter "error_adapter_0"
Info: error_adapter_0: "avalon_st_adapter_014" instantiated error_adapter "error_adapter_0"
Info: router: "mm_interconnect_0" instantiated altera_merlin_router "router"
Info: router_001: "mm_interconnect_0" instantiated altera_merlin_router "router_001"
Info: cmd_demux: "mm_interconnect_0" instantiated altera_merlin_demultiplexer "cmd_demux"
Info: cmd_mux: "mm_interconnect_0" instantiated altera_merlin_multiplexer "cmd_mux"
Info: Reusing file D:/GitHub/Logic-Analyzer/Computer_Systems/DE1-SoC/src/DE1_SoC_NiosVg_Computer/Computer_System/synthesis/submodules/altera_merlin_arbitrator.sv
Info: rsp_mux: "mm_interconnect_0" instantiated altera_merlin_multiplexer "rsp_mux"
Info: Reusing file D:/GitHub/Logic-Analyzer/Computer_Systems/DE1-SoC/src/DE1_SoC_NiosVg_Computer/Computer_System/synthesis/submodules/altera_merlin_arbitrator.sv
Info: Computer_System: Done "Computer_System" with 119 modules, 291 files
Info: qsys-generate succeeded.
Info: Finished: Create HDL design files for synthesis
